<!DOCTYPE html PUBLIC "-//W3C//DTD XHTML 1.1//EN" "http://www.w3.org/TR/xhtml11/DTD/xhtml11.dtd">
<html xmlns="http://www.w3.org/1999/xhtml"><head><title>TestNG Report</title><style type="text/css">table {margin-bottom:10px;border-collapse:collapse;empty-cells:show}th,td {border:1px solid #009;padding:.25em .5em}th {vertical-align:bottom}td {vertical-align:top}table a {font-weight:bold}.stripe td {background-color: #E6EBF9}.num {text-align:right}.passedodd td {background-color: #3F3}.passedeven td {background-color: #0A0}.skippedodd td {background-color: #DDD}.skippedeven td {background-color: #CCC}.failedodd td,.attn {background-color: #F33}.failedeven td,.stripe .attn {background-color: #D00}.stacktrace {white-space:pre;font-family:monospace}.totop {font-size:85%;text-align:center;border-bottom:2px solid #000}</style></head><body><table><tr><th>Test</th><th># Passed</th><th># Skipped</th><th># Failed</th><th>Time (ms)</th><th>Included Groups</th><th>Excluded Groups</th></tr><tr><th colspan="7">Environment config tsts</th></tr><tr><td><a href="#t0">windows chrome - just Product feature</a></td><td class="num">18</td><td class="num attn">2</td><td class="num">0</td><td class="num">242,803</td><td></td><td></td></tr><tr class="stripe"><td><a href="#t1">windows chrome - Tests with Homepage or Basket tags</a></td><td class="num">10</td><td class="num attn">8</td><td class="num attn">1</td><td class="num">568,504</td><td></td><td></td></tr><tr><th>Total</th><th class="num">28</th><th class="num attn">10</th><th class="num attn">1</th><th class="num">811,307</th><th colspan="2"></th></tr></table><table id='summary'><thead><tr><th>Class</th><th>Method</th><th>Start</th><th>Time (ms)</th></tr></thead><tbody><tr><th colspan="4">Environment config tsts</th></tr></tbody><tbody id="t0"><tr><th colspan="4">windows chrome - just Product feature &#8212; skipped</th></tr><tr class="skippedeven"><td rowspan="2">selenium_tests.Runner</td><td><a href="#m0">run_scenario</a></td><td rowspan="2">1538750264867</td><td rowspan="2">7895</td></tr><tr class="skippedeven"><td><a href="#m1">run_scenario</a></td></tr><tr><th colspan="4">windows chrome - just Product feature &#8212; passed</th></tr><tr class="passedeven"><td rowspan="18">selenium_tests.Runner</td><td><a href="#m2">run_scenario</a></td><td rowspan="18">1538750361271</td><td rowspan="18">12245</td></tr><tr class="passedeven"><td><a href="#m3">run_scenario</a></td></tr><tr class="passedeven"><td><a href="#m4">run_scenario</a></td></tr><tr class="passedeven"><td><a href="#m5">run_scenario</a></td></tr><tr class="passedeven"><td><a href="#m6">run_scenario</a></td></tr><tr class="passedeven"><td><a href="#m7">run_scenario</a></td></tr><tr class="passedeven"><td><a href="#m8">run_scenario</a></td></tr><tr class="passedeven"><td><a href="#m9">run_scenario</a></td></tr><tr class="passedeven"><td><a href="#m10">run_scenario</a></td></tr><tr class="passedeven"><td><a href="#m11">run_scenario</a></td></tr><tr class="passedeven"><td><a href="#m12">run_scenario</a></td></tr><tr class="passedeven"><td><a href="#m13">run_scenario</a></td></tr><tr class="passedeven"><td><a href="#m14">run_scenario</a></td></tr><tr class="passedeven"><td><a href="#m15">run_scenario</a></td></tr><tr class="passedeven"><td><a href="#m16">run_scenario</a></td></tr><tr class="passedeven"><td><a href="#m17">run_scenario</a></td></tr><tr class="passedeven"><td><a href="#m18">run_scenario</a></td></tr><tr class="passedeven"><td><a href="#m19">run_scenario</a></td></tr></tbody><tbody id="t1"><tr><th colspan="4">windows chrome - Tests with Homepage or Basket tags &#8212; failed</th></tr><tr class="failedeven"><td rowspan="1">selenium_tests.Runner</td><td><a href="#m20">run_scenario</a></td><td rowspan="1">1538750581811</td><td rowspan="1">79376</td></tr><tr><th colspan="4">windows chrome - Tests with Homepage or Basket tags &#8212; skipped</th></tr><tr class="skippedeven"><td rowspan="8">selenium_tests.Runner</td><td><a href="#m21">run_scenario</a></td><td rowspan="8">1538750435800</td><td rowspan="8">8436</td></tr><tr class="skippedeven"><td><a href="#m22">run_scenario</a></td></tr><tr class="skippedeven"><td><a href="#m23">run_scenario</a></td></tr><tr class="skippedeven"><td><a href="#m24">run_scenario</a></td></tr><tr class="skippedeven"><td><a href="#m25">run_scenario</a></td></tr><tr class="skippedeven"><td><a href="#m26">run_scenario</a></td></tr><tr class="skippedeven"><td><a href="#m27">run_scenario</a></td></tr><tr class="skippedeven"><td><a href="#m28">run_scenario</a></td></tr><tr><th colspan="4">windows chrome - Tests with Homepage or Basket tags &#8212; passed</th></tr><tr class="passedeven"><td rowspan="10">selenium_tests.Runner</td><td><a href="#m29">run_scenario</a></td><td rowspan="10">1538750203117</td><td rowspan="10">22016</td></tr><tr class="passedeven"><td><a href="#m30">run_scenario</a></td></tr><tr class="passedeven"><td><a href="#m31">run_scenario</a></td></tr><tr class="passedeven"><td><a href="#m32">run_scenario</a></td></tr><tr class="passedeven"><td><a href="#m33">run_scenario</a></td></tr><tr class="passedeven"><td><a href="#m34">run_scenario</a></td></tr><tr class="passedeven"><td><a href="#m35">run_scenario</a></td></tr><tr class="passedeven"><td><a href="#m36">run_scenario</a></td></tr><tr class="passedeven"><td><a href="#m37">run_scenario</a></td></tr><tr class="passedeven"><td><a href="#m38">run_scenario</a></td></tr></tbody></table><h2>windows chrome - just Product feature</h2><h3 id="m0">selenium_tests.Runner#run_scenario</h3><table class="result"><tr class="param"><th>Parameter #1</th><th>Parameter #2</th></tr><tr class="param stripe"><td>&quot;customer searches for product by name&quot;</td><td>&quot;Products&quot;</td></tr><tr><th colspan="2">Messages</th></tr><tr><td colspan="2"><div class="messages"><div "result">customer is on homepage (PASSED : 2s)</div><br/><div "result">customer searches by product: JEANS using search feature (PASSED : 3s)</div><br/><div "result">results of matching products are shown by order of popularity (PASSED : 0s)</div><br/><div "result">customer clicks on first product (PASSED : 0s)</div><br/><div "result">customer can see important product data (FAILED : 0s)</div><br/><div "result">customer can see related products (SKIPPED)</div></div></td></tr><tr><th colspan="2">Exception</th></tr><tr><td colspan="2"><div class="stacktrace">java.lang.AssertionError: expected [true] but found [false]
	at selenium_tests.feature_steps.Steps_product_feature.customer_can_see_important_product_data(Steps_product_feature.java:126)
	at ?.customer can see important product data(src/test/resources/Features/TestSuite_Product.feature:12)
... Removed 4 stack frames</div></td></tr></table><p class="totop"><a href="#summary">back to summary</a></p><h3 id="m1">selenium_tests.Runner#run_scenario</h3><table class="result"><tr class="param"><th>Parameter #1</th><th>Parameter #2</th></tr><tr class="param stripe"><td>&quot;customer searches for product by name&quot;</td><td>&quot;Products&quot;</td></tr><tr><th colspan="2">Messages</th></tr><tr><td colspan="2"><div class="messages"><div "result">customer is on homepage (PASSED : 2s)</div><br/><div "result">customer searches by product: RING using search feature (PASSED : 4s)</div><br/><div "result">results of matching products are shown by order of popularity (PASSED : 0s)</div><br/><div "result">customer clicks on first product (PASSED : 2s)</div><br/><div "result">customer can see important product data (FAILED : 0s)</div><br/><div "result">customer can see related products (SKIPPED)</div></div></td></tr><tr><th colspan="2">Exception</th></tr><tr><td colspan="2"><div class="stacktrace">java.lang.AssertionError: expected [true] but found [false]
	at selenium_tests.feature_steps.Steps_product_feature.customer_can_see_important_product_data(Steps_product_feature.java:129)
	at ?.customer can see important product data(src/test/resources/Features/TestSuite_Product.feature:12)
... Removed 4 stack frames</div></td></tr></table><p class="totop"><a href="#summary">back to summary</a></p><h3 id="m2">selenium_tests.Runner#run_scenario</h3><table class="result"><tr class="param"><th>Parameter #1</th><th>Parameter #2</th></tr><tr class="param stripe"><td>&quot;customer searches for product and changes list order&quot;</td><td>&quot;Products&quot;</td></tr><tr><th colspan="2">Messages</th></tr><tr><td colspan="2"><div class="messages"><div "result">customer is on homepage (PASSED : 2s)</div><br/><div "result">customer searches by product: RING using search feature (PASSED : 3s)</div><br/><div "result">customer sorts by price low-to-high (PASSED : 1s)</div><br/><div "result">results of matching products are shown by order of price low-to-high (PASSED : 0s)</div><br/><div "result">customer sorts by price high-to-low (PASSED : 1s)</div><br/><div "result">results of matching products are shown by order of price high-to-low (PASSED : 0s)</div><br/><div "result">customer sorts by customer rating (PASSED : 1s)</div><br/><div "result">results of matching products are shown by order of customer rating (PASSED : 0s)</div></div></td></tr></table><p class="totop"><a href="#summary">back to summary</a></p><h3 id="m3">selenium_tests.Runner#run_scenario</h3><table class="result"><tr class="param"><th>Parameter #1</th><th>Parameter #2</th></tr><tr class="param stripe"><td>&quot;customer searches for product and changes list order&quot;</td><td>&quot;Products&quot;</td></tr><tr><th colspan="2">Messages</th></tr><tr><td colspan="2"><div class="messages"><div "result">customer is on homepage (PASSED : 2s)</div><br/><div "result">customer searches by product: COOKERS using search feature (PASSED : 2s)</div><br/><div "result">customer sorts by price low-to-high (PASSED : 1s)</div><br/><div "result">results of matching products are shown by order of price low-to-high (PASSED : 0s)</div><br/><div "result">customer sorts by price high-to-low (PASSED : 1s)</div><br/><div "result">results of matching products are shown by order of price high-to-low (PASSED : 0s)</div><br/><div "result">customer sorts by customer rating (PASSED : 1s)</div><br/><div "result">results of matching products are shown by order of customer rating (PASSED : 0s)</div></div></td></tr></table><p class="totop"><a href="#summary">back to summary</a></p><h3 id="m4">selenium_tests.Runner#run_scenario</h3><table class="result"><tr class="param"><th>Parameter #1</th><th>Parameter #2</th></tr><tr class="param stripe"><td>&quot;customer searches for product and changes list order&quot;</td><td>&quot;Products&quot;</td></tr><tr><th colspan="2">Messages</th></tr><tr><td colspan="2"><div class="messages"><div "result">customer is on homepage (PASSED : 2s)</div><br/><div "result">customer searches by product: WEIGHTS using search feature (PASSED : 2s)</div><br/><div "result">customer sorts by price low-to-high (PASSED : 1s)</div><br/><div "result">results of matching products are shown by order of price low-to-high (PASSED : 0s)</div><br/><div "result">customer sorts by price high-to-low (PASSED : 1s)</div><br/><div "result">results of matching products are shown by order of price high-to-low (PASSED : 0s)</div><br/><div "result">customer sorts by customer rating (PASSED : 1s)</div><br/><div "result">results of matching products are shown by order of customer rating (PASSED : 0s)</div></div></td></tr></table><p class="totop"><a href="#summary">back to summary</a></p><h3 id="m5">selenium_tests.Runner#run_scenario</h3><table class="result"><tr class="param"><th>Parameter #1</th><th>Parameter #2</th></tr><tr class="param stripe"><td>&quot;customer searches for product by name&quot;</td><td>&quot;Products&quot;</td></tr><tr><th colspan="2">Messages</th></tr><tr><td colspan="2"><div class="messages"><div "result">customer is on homepage (PASSED : 3s)</div><br/><div "result">customer searches by product: COOKERS using search feature (PASSED : 4s)</div><br/><div "result">results of matching products are shown by order of popularity (PASSED : 0s)</div><br/><div "result">customer clicks on first product (PASSED : 4s)</div><br/><div "result">customer can see important product data (PASSED : 0s)</div><br/><div "result">customer can see related products (PASSED : 0s)</div></div></td></tr></table><p class="totop"><a href="#summary">back to summary</a></p><h3 id="m6">selenium_tests.Runner#run_scenario</h3><table class="result"><tr class="param"><th>Parameter #1</th><th>Parameter #2</th></tr><tr class="param stripe"><td>&quot;customer changes store location&quot;</td><td>&quot;Products&quot;</td></tr><tr><th colspan="2">Messages</th></tr><tr><td colspan="2"><div class="messages"><div "result">customer is on product page : XBOX (PASSED : 8s)</div><br/><div "result">customer changes store location to : SE6 1SB (PASSED : 2s)</div><br/><div "result">customer can see stock availability (PASSED : 0s)</div></div></td></tr></table><p class="totop"><a href="#summary">back to summary</a></p><h3 id="m7">selenium_tests.Runner#run_scenario</h3><table class="result"><tr class="param"><th>Parameter #1</th><th>Parameter #2</th></tr><tr class="param stripe"><td>&quot;customer searches for product and changes list order&quot;</td><td>&quot;Products&quot;</td></tr><tr><th colspan="2">Messages</th></tr><tr><td colspan="2"><div class="messages"><div "result">customer is on homepage (PASSED : 2s)</div><br/><div "result">customer searches by product: XBOX using search feature (PASSED : 3s)</div><br/><div "result">customer sorts by price low-to-high (PASSED : 1s)</div><br/><div "result">results of matching products are shown by order of price low-to-high (PASSED : 0s)</div><br/><div "result">customer sorts by price high-to-low (PASSED : 1s)</div><br/><div "result">results of matching products are shown by order of price high-to-low (PASSED : 0s)</div><br/><div "result">customer sorts by customer rating (PASSED : 1s)</div><br/><div "result">results of matching products are shown by order of customer rating (PASSED : 0s)</div></div></td></tr></table><p class="totop"><a href="#summary">back to summary</a></p><h3 id="m8">selenium_tests.Runner#run_scenario</h3><table class="result"><tr class="param"><th>Parameter #1</th><th>Parameter #2</th></tr><tr class="param stripe"><td>&quot;customer searches for product and changes list order&quot;</td><td>&quot;Products&quot;</td></tr><tr><th colspan="2">Messages</th></tr><tr><td colspan="2"><div class="messages"><div "result">customer is on homepage (PASSED : 2s)</div><br/><div "result">customer searches by product: JEANS using search feature (PASSED : 3s)</div><br/><div "result">customer sorts by price low-to-high (PASSED : 1s)</div><br/><div "result">results of matching products are shown by order of price low-to-high (PASSED : 0s)</div><br/><div "result">customer sorts by price high-to-low (PASSED : 1s)</div><br/><div "result">results of matching products are shown by order of price high-to-low (PASSED : 0s)</div><br/><div "result">customer sorts by customer rating (PASSED : 1s)</div><br/><div "result">results of matching products are shown by order of customer rating (PASSED : 0s)</div></div></td></tr></table><p class="totop"><a href="#summary">back to summary</a></p><h3 id="m9">selenium_tests.Runner#run_scenario</h3><table class="result"><tr class="param"><th>Parameter #1</th><th>Parameter #2</th></tr><tr class="param stripe"><td>&quot;customer searches for product and changes list order&quot;</td><td>&quot;Products&quot;</td></tr><tr><th colspan="2">Messages</th></tr><tr><td colspan="2"><div class="messages"><div "result">customer is on homepage (PASSED : 2s)</div><br/><div "result">customer searches by product: FOOTBALL using search feature (PASSED : 2s)</div><br/><div "result">customer sorts by price low-to-high (PASSED : 1s)</div><br/><div "result">results of matching products are shown by order of price low-to-high (PASSED : 0s)</div><br/><div "result">customer sorts by price high-to-low (PASSED : 1s)</div><br/><div "result">results of matching products are shown by order of price high-to-low (PASSED : 0s)</div><br/><div "result">customer sorts by customer rating (PASSED : 1s)</div><br/><div "result">results of matching products are shown by order of customer rating (PASSED : 0s)</div></div></td></tr></table><p class="totop"><a href="#summary">back to summary</a></p><h3 id="m10">selenium_tests.Runner#run_scenario</h3><table class="result"><tr class="param"><th>Parameter #1</th><th>Parameter #2</th></tr><tr class="param stripe"><td>&quot;customer changes store location&quot;</td><td>&quot;Products&quot;</td></tr><tr><th colspan="2">Messages</th></tr><tr><td colspan="2"><div class="messages"><div "result">customer is on product page : PUSHCHAIR (PASSED : 8s)</div><br/><div "result">customer changes store location to : SS1 2TW (PASSED : 2s)</div><br/><div "result">customer can see stock availability (PASSED : 0s)</div></div></td></tr></table><p class="totop"><a href="#summary">back to summary</a></p><h3 id="m11">selenium_tests.Runner#run_scenario</h3><table class="result"><tr class="param"><th>Parameter #1</th><th>Parameter #2</th></tr><tr class="param stripe"><td>&quot;customer searches for product and changes list order&quot;</td><td>&quot;Products&quot;</td></tr><tr><th colspan="2">Messages</th></tr><tr><td colspan="2"><div class="messages"><div "result">customer is on homepage (PASSED : 2s)</div><br/><div "result">customer searches by product: PUSHCHAIR using search feature (PASSED : 3s)</div><br/><div "result">customer sorts by price low-to-high (PASSED : 1s)</div><br/><div "result">results of matching products are shown by order of price low-to-high (PASSED : 0s)</div><br/><div "result">customer sorts by price high-to-low (PASSED : 1s)</div><br/><div "result">results of matching products are shown by order of price high-to-low (PASSED : 0s)</div><br/><div "result">customer sorts by customer rating (PASSED : 1s)</div><br/><div "result">results of matching products are shown by order of customer rating (PASSED : 0s)</div></div></td></tr></table><p class="totop"><a href="#summary">back to summary</a></p><h3 id="m12">selenium_tests.Runner#run_scenario</h3><table class="result"><tr class="param"><th>Parameter #1</th><th>Parameter #2</th></tr><tr class="param stripe"><td>&quot;customer changes store location&quot;</td><td>&quot;Products&quot;</td></tr><tr><th colspan="2">Messages</th></tr><tr><td colspan="2"><div class="messages"><div "result">customer is on product page : COOKERS (PASSED : 8s)</div><br/><div "result">customer changes store location to : BL0 9JH (PASSED : 2s)</div><br/><div "result">customer can see stock availability (PASSED : 0s)</div></div></td></tr></table><p class="totop"><a href="#summary">back to summary</a></p><h3 id="m13">selenium_tests.Runner#run_scenario</h3><table class="result"><tr class="param"><th>Parameter #1</th><th>Parameter #2</th></tr><tr class="param stripe"><td>&quot;customer searches for product by name&quot;</td><td>&quot;Products&quot;</td></tr><tr><th colspan="2">Messages</th></tr><tr><td colspan="2"><div class="messages"><div "result">customer is on homepage (PASSED : 2s)</div><br/><div "result">customer searches by product: PUSHCHAIR using search feature (PASSED : 4s)</div><br/><div "result">results of matching products are shown by order of popularity (PASSED : 0s)</div><br/><div "result">customer clicks on first product (PASSED : 3s)</div><br/><div "result">customer can see important product data (PASSED : 0s)</div><br/><div "result">customer can see related products (PASSED : 0s)</div></div></td></tr></table><p class="totop"><a href="#summary">back to summary</a></p><h3 id="m14">selenium_tests.Runner#run_scenario</h3><table class="result"><tr class="param"><th>Parameter #1</th><th>Parameter #2</th></tr><tr class="param stripe"><td>&quot;customer searches for product by name&quot;</td><td>&quot;Products&quot;</td></tr><tr><th colspan="2">Messages</th></tr><tr><td colspan="2"><div class="messages"><div "result">customer is on homepage (PASSED : 2s)</div><br/><div "result">customer searches by product: FOOTBALL using search feature (PASSED : 3s)</div><br/><div "result">results of matching products are shown by order of popularity (PASSED : 0s)</div><br/><div "result">customer clicks on first product (PASSED : 2s)</div><br/><div "result">customer can see important product data (PASSED : 0s)</div><br/><div "result">customer can see related products (PASSED : 0s)</div></div></td></tr></table><p class="totop"><a href="#summary">back to summary</a></p><h3 id="m15">selenium_tests.Runner#run_scenario</h3><table class="result"><tr class="param"><th>Parameter #1</th><th>Parameter #2</th></tr><tr class="param stripe"><td>&quot;customer changes store location&quot;</td><td>&quot;Products&quot;</td></tr><tr><th colspan="2">Messages</th></tr><tr><td colspan="2"><div class="messages"><div "result">customer is on product page : SPIDERMAN (PASSED : 8s)</div><br/><div "result">customer changes store location to : FK7 7TZ (PASSED : 3s)</div><br/><div "result">customer can see stock availability (PASSED : 0s)</div></div></td></tr></table><p class="totop"><a href="#summary">back to summary</a></p><h3 id="m16">selenium_tests.Runner#run_scenario</h3><table class="result"><tr class="param"><th>Parameter #1</th><th>Parameter #2</th></tr><tr class="param stripe"><td>&quot;customer searches for product and changes list order&quot;</td><td>&quot;Products&quot;</td></tr><tr><th colspan="2">Messages</th></tr><tr><td colspan="2"><div class="messages"><div "result">customer is on homepage (PASSED : 2s)</div><br/><div "result">customer searches by product: SPIDERMAN using search feature (PASSED : 2s)</div><br/><div "result">customer sorts by price low-to-high (PASSED : 1s)</div><br/><div "result">results of matching products are shown by order of price low-to-high (PASSED : 0s)</div><br/><div "result">customer sorts by price high-to-low (PASSED : 1s)</div><br/><div "result">results of matching products are shown by order of price high-to-low (PASSED : 0s)</div><br/><div "result">customer sorts by customer rating (PASSED : 1s)</div><br/><div "result">results of matching products are shown by order of customer rating (PASSED : 0s)</div></div></td></tr></table><p class="totop"><a href="#summary">back to summary</a></p><h3 id="m17">selenium_tests.Runner#run_scenario</h3><table class="result"><tr class="param"><th>Parameter #1</th><th>Parameter #2</th></tr><tr class="param stripe"><td>&quot;customer searches for product by name&quot;</td><td>&quot;Products&quot;</td></tr><tr><th colspan="2">Messages</th></tr><tr><td colspan="2"><div class="messages"><div "result">customer is on homepage (PASSED : 2s)</div><br/><div "result">customer searches by product: WEIGHTS using search feature (PASSED : 3s)</div><br/><div "result">results of matching products are shown by order of popularity (PASSED : 0s)</div><br/><div "result">customer clicks on first product (PASSED : 3s)</div><br/><div "result">customer can see important product data (PASSED : 0s)</div><br/><div "result">customer can see related products (PASSED : 0s)</div></div></td></tr></table><p class="totop"><a href="#summary">back to summary</a></p><h3 id="m18">selenium_tests.Runner#run_scenario</h3><table class="result"><tr class="param"><th>Parameter #1</th><th>Parameter #2</th></tr><tr class="param stripe"><td>&quot;customer searches for product by name&quot;</td><td>&quot;Products&quot;</td></tr><tr><th colspan="2">Messages</th></tr><tr><td colspan="2"><div class="messages"><div "result">customer is on homepage (PASSED : 2s)</div><br/><div "result">customer searches by product: SPIDERMAN using search feature (PASSED : 3s)</div><br/><div "result">results of matching products are shown by order of popularity (PASSED : 0s)</div><br/><div "result">customer clicks on first product (PASSED : 3s)</div><br/><div "result">customer can see important product data (PASSED : 0s)</div><br/><div "result">customer can see related products (PASSED : 0s)</div></div></td></tr></table><p class="totop"><a href="#summary">back to summary</a></p><h3 id="m19">selenium_tests.Runner#run_scenario</h3><table class="result"><tr class="param"><th>Parameter #1</th><th>Parameter #2</th></tr><tr class="param stripe"><td>&quot;customer searches for product by name&quot;</td><td>&quot;Products&quot;</td></tr><tr><th colspan="2">Messages</th></tr><tr><td colspan="2"><div class="messages"><div "result">customer is on homepage (PASSED : 6s)</div><br/><div "result">customer searches by product: XBOX using search feature (PASSED : 7s)</div><br/><div "result">results of matching products are shown by order of popularity (PASSED : 0s)</div><br/><div "result">customer clicks on first product (PASSED : 7s)</div><br/><div "result">customer can see important product data (PASSED : 0s)</div><br/><div "result">customer can see related products (PASSED : 0s)</div></div></td></tr></table><p class="totop"><a href="#summary">back to summary</a></p><h2>windows chrome - Tests with Homepage or Basket tags</h2><h3 id="m20">selenium_tests.Runner#run_scenario</h3><table class="result"><tr class="param"><th>Parameter #1</th><th>Parameter #2</th></tr><tr class="param stripe"><td>&quot;Customer views basket with x2 products, totalling x4 quantity then removes 1st product&quot;</td><td>&quot;Basket&quot;</td></tr><tr><th colspan="2">Messages</th></tr><tr><td colspan="2"><div class="messages"><div "result">customer is on homepage (PASSED : 3s)</div><br/><div "result">customer searches by product: XBOX using search feature (PASSED : 3s)</div><br/><div "result">adds first product to basket x2 quantity (PASSED : 3s)</div><br/><div "result">adds second product to basket x2 quantity (PASSED : 3s)</div><br/><div "result">customer views basket (PASSED : 3s)</div><br/><div "result">basket with 2 products and 4 quantity is shown (PASSED : 0s)</div><br/><div "result">customer removes firt product from basket (PASSED : 0s)</div><br/><div "result">basket with 1 products and 2 quantity is shown (FAILED : 60s)</div></div></td></tr><tr><th colspan="2">Exception</th></tr><tr><td colspan="2"><div class="stacktrace">java.lang.AssertionError: expected [1] but found [2]
	at selenium_tests.feature_steps.Steps_basket_feature.basket_with_products_and_quantity_is_shown(Steps_basket_feature.java:90)
	at ?.basket with 1 products and 2 quantity is shown(src/test/resources/Features/TestSuite_basket.feature:69)
... Removed 6 stack frames</div></td></tr></table><p class="totop"><a href="#summary">back to summary</a></p><h3 id="m21">selenium_tests.Runner#run_scenario</h3><table class="result"><tr class="param"><th>Parameter #1</th><th>Parameter #2</th></tr><tr class="param stripe"><td>&quot;Customer views basket with x1 products, totalling x1 quantity&quot;</td><td>&quot;Basket&quot;</td></tr><tr><th colspan="2">Messages</th></tr><tr><td colspan="2"><div class="messages"><div "result">customer is on product page : RING (PASSED : 7s)</div><br/><div "result">adds product to basket (PENDING : 0s)</div><br/><div "result">customer views basket (SKIPPED)</div><br/><div "result">basket with 1 products and 1 quantity is shown (SKIPPED)</div></div></td></tr><tr><th colspan="2">Exception</th></tr><tr><td colspan="2"><div class="stacktrace">org.testng.SkipException: cucumber.api.PendingException: TODO: implement me
	at selenium_tests.page_object_model.POM_productPage.adds_product_to_basket_via_productPage(POM_productPage.java:58)
	at selenium_tests.feature_steps.Steps_basket_feature.adds_product_to_basket(Steps_basket_feature.java:25)
	at ?.adds product to basket(src/test/resources/Features/TestSuite_basket.feature:14)

	at cucumber.api.testng.TestCaseResultListener.getError(TestCaseResultListener.java:52)
	at cucumber.api.testng.TestNGCucumberRunner.runScenario(TestNGCucumberRunner.java:59)
	at selenium_tests.Runner.run_scenario(Runner.java:138)
	at java.util.concurrent.FutureTask.run(FutureTask.java:266)
	at java.util.concurrent.ThreadPoolExecutor.runWorker(ThreadPoolExecutor.java:1149)
	at java.util.concurrent.ThreadPoolExecutor$Worker.run(ThreadPoolExecutor.java:624)
	at java.lang.Thread.run(Thread.java:748)
Caused by: cucumber.api.PendingException: TODO: implement me
	at selenium_tests.page_object_model.POM_productPage.adds_product_to_basket_via_productPage(POM_productPage.java:58)
	at selenium_tests.feature_steps.Steps_basket_feature.adds_product_to_basket(Steps_basket_feature.java:25)
	at ?.adds product to basket(src/test/resources/Features/TestSuite_basket.feature:14)
... Removed 15 stack frames</div></td></tr></table><p class="totop"><a href="#summary">back to summary</a></p><h3 id="m22">selenium_tests.Runner#run_scenario</h3><table class="result"><tr class="param"><th>Parameter #1</th><th>Parameter #2</th></tr><tr class="param stripe"><td>&quot;Customer views basket with x1 products, totalling x2 quantity&quot;</td><td>&quot;Basket&quot;</td></tr><tr><th colspan="2">Messages</th></tr><tr><td colspan="2"><div class="messages"><div "result">customer is on product page : JEANS (PASSED : 6s)</div><br/><div "result">adds product: JEANS to basket twice (FAILED : 60s)</div><br/><div "result">customer views basket (SKIPPED)</div><br/><div "result">basket with 1 products and 2 quantity is shown (SKIPPED)</div><br/><div "result">customer changes quantity of first product to x10 (SKIPPED)</div><br/><div "result">basket with 1 products and 10 quantity is shown (SKIPPED)</div></div></td></tr><tr><th colspan="2">Exception</th></tr><tr><td colspan="2"><div class="stacktrace">org.openqa.selenium.TimeoutException: Expected condition failed: waiting for presence of element located by: By.xpath: //button[@class=&quot; add-to-trolley-button button button--primary button--full&quot;] (tried for 60 second(s) with 500 milliseconds interval)
	at org.openqa.selenium.support.ui.WebDriverWait.timeoutException(WebDriverWait.java:81)
	at org.openqa.selenium.support.ui.FluentWait.until(FluentWait.java:271)
	at selenium_tests.Webdriver_builder$Enhanced_selenium_methods.wait_until_present(Webdriver_builder.java:491)
	at selenium_tests.Webdriver_builder$Enhanced_selenium_methods.focus_on(Webdriver_builder.java:707)
	at selenium_tests.Webdriver_builder$Enhanced_selenium_methods.click(Webdriver_builder.java:390)
	at selenium_tests.page_object_model.POM_productPage.adds_product_to_basket_via_productPage(POM_productPage.java:54)
	at selenium_tests.feature_steps.Steps_basket_feature.adds_product_to_basket_twice(Steps_basket_feature.java:32)
	at ?.adds product: JEANS to basket twice(src/test/resources/Features/TestSuite_basket.feature:32)
Caused by: org.openqa.selenium.NoSuchElementException: Cannot locate an element using By.xpath: //button[@class=&quot; add-to-trolley-button button button--primary button--full&quot;]
For documentation on this error, please visit: http://seleniumhq.org/exceptions/no_such_element.html
Build info: version: &apos;3.12.0&apos;, revision: &apos;7c6e0b3&apos;, time: &apos;2018-05-08T14:04:26.12Z&apos;
System info: host: &apos;DESKTOP-KQS99BN&apos;, ip: &apos;192.168.0.17&apos;, os.name: &apos;Windows 10&apos;, os.arch: &apos;amd64&apos;, os.version: &apos;10.0&apos;, java.version: &apos;1.8.0_161&apos;
Driver info: driver.version: unknown
	at org.openqa.selenium.support.ui.ExpectedConditions.lambda$findElement$0(ExpectedConditions.java:896)
	at java.util.Optional.orElseThrow(Optional.java:290)
	at org.openqa.selenium.support.ui.ExpectedConditions.findElement(ExpectedConditions.java:895)
	at org.openqa.selenium.support.ui.ExpectedConditions.access$000(ExpectedConditions.java:44)
	at org.openqa.selenium.support.ui.ExpectedConditions$6.apply(ExpectedConditions.java:183)
	at org.openqa.selenium.support.ui.ExpectedConditions$6.apply(ExpectedConditions.java:180)
	at org.openqa.selenium.support.ui.FluentWait.until(FluentWait.java:248)
	at selenium_tests.Webdriver_builder$Enhanced_selenium_methods.wait_until_present(Webdriver_builder.java:491)
	at selenium_tests.Webdriver_builder$Enhanced_selenium_methods.focus_on(Webdriver_builder.java:707)
	at selenium_tests.Webdriver_builder$Enhanced_selenium_methods.click(Webdriver_builder.java:390)
	at selenium_tests.page_object_model.POM_productPage.adds_product_to_basket_via_productPage(POM_productPage.java:54)
	at selenium_tests.feature_steps.Steps_basket_feature.adds_product_to_basket_twice(Steps_basket_feature.java:32)
	at cucumber.runtime.Utils$1.call(Utils.java:26)
	at cucumber.runtime.Timeout.timeout(Timeout.java:16)
	at cucumber.runtime.Utils.invoke(Utils.java:20)
	at cucumber.runtime.java.JavaStepDefinition.execute(JavaStepDefinition.java:48)
	at cucumber.runtime.PickleStepDefinitionMatch.runStep(PickleStepDefinitionMatch.java:50)
	at cucumber.runner.TestStep.executeStep(TestStep.java:55)
	at cucumber.runner.TestStep.run(TestStep.java:42)
	at cucumber.runner.PickleStepTestStep.run(PickleStepTestStep.java:53)
	at cucumber.runner.TestCase.run(TestCase.java:47)
	at cucumber.runner.Runner.runPickle(Runner.java:44)
	at cucumber.api.testng.TestNGCucumberRunner.runScenario(TestNGCucumberRunner.java:56)
	at selenium_tests.Runner.run_scenario(Runner.java:138)
	at java.util.concurrent.FutureTask.run(FutureTask.java:266)
	at java.util.concurrent.ThreadPoolExecutor.runWorker(ThreadPoolExecutor.java:1149)
	at java.util.concurrent.ThreadPoolExecutor$Worker.run(ThreadPoolExecutor.java:624)
	at java.lang.Thread.run(Thread.java:748)
... Removed 19 stack frames</div></td></tr></table><p class="totop"><a href="#summary">back to summary</a></p><h3 id="m23">selenium_tests.Runner#run_scenario</h3><table class="result"><tr class="param"><th>Parameter #1</th><th>Parameter #2</th></tr><tr class="param stripe"><td>&quot;Customer views basket with x1 products, totalling x2 quantity&quot;</td><td>&quot;Basket&quot;</td></tr><tr><th colspan="2">Messages</th></tr><tr><td colspan="2"><div class="messages"><div "result">customer is on product page : WEIGHTS (PASSED : 12s)</div><br/><div "result">adds product: WEIGHTS to basket twice (FAILED : 0s)</div><br/><div "result">customer views basket (SKIPPED)</div><br/><div "result">basket with 1 products and 2 quantity is shown (SKIPPED)</div><br/><div "result">customer changes quantity of first product to x10 (SKIPPED)</div><br/><div "result">basket with 1 products and 10 quantity is shown (SKIPPED)</div></div></td></tr><tr><th colspan="2">Exception</th></tr><tr><td colspan="2"><div class="stacktrace">org.openqa.selenium.WebDriverException: unknown error: Element is not clickable at point (1092, -881)
  (Session info: chrome=69.0.3497.100)
  (Driver info: chromedriver=70.0.3538.16 (16ed95b41bb05e565b11fb66ac33c660b721f778),platform=Windows NT 10.0.17134 x86_64) (WARNING: The server did not provide any stacktrace information)
Command duration or timeout: 0 milliseconds
Build info: version: &apos;3.12.0&apos;, revision: &apos;7c6e0b3&apos;, time: &apos;2018-05-08T14:04:26.12Z&apos;
System info: host: &apos;DESKTOP-KQS99BN&apos;, ip: &apos;192.168.0.17&apos;, os.name: &apos;Windows 10&apos;, os.arch: &apos;amd64&apos;, os.version: &apos;10.0&apos;, java.version: &apos;1.8.0_161&apos;
Driver info: org.openqa.selenium.chrome.ChromeDriver
Capabilities {acceptInsecureCerts: true, acceptSslCerts: true, applicationCacheEnabled: false, browserConnectionEnabled: false, browserName: chrome, chrome: {chromedriverVersion: 70.0.3538.16 (16ed95b41bb05..., userDataDir: C:\Users\WORKPE~1\AppData\L...}, cssSelectorsEnabled: true, databaseEnabled: false, goog:chromeOptions: {debuggerAddress: localhost:63886}, handlesAlerts: true, hasTouchScreen: false, javascriptEnabled: true, locationContextEnabled: true, mobileEmulationEnabled: false, nativeEvents: true, networkConnectionEnabled: false, pageLoadStrategy: normal, platform: XP, platformName: XP, rotatable: false, setWindowRect: true, takesHeapSnapshot: true, takesScreenshot: true, unexpectedAlertBehaviour: accept, unhandledPromptBehavior: accept, version: 69.0.3497.100, webStorageEnabled: true}
Session ID: b9284317eb958366e8ed3def43acc816
	at org.openqa.selenium.remote.ErrorHandler.createThrowable(ErrorHandler.java:214)
	at org.openqa.selenium.remote.ErrorHandler.throwIfResponseFailed(ErrorHandler.java:166)
	at org.openqa.selenium.remote.http.JsonHttpResponseCodec.reconstructValue(JsonHttpResponseCodec.java:40)
	at org.openqa.selenium.remote.http.AbstractHttpResponseCodec.decode(AbstractHttpResponseCodec.java:80)
	at org.openqa.selenium.remote.http.AbstractHttpResponseCodec.decode(AbstractHttpResponseCodec.java:44)
	at org.openqa.selenium.remote.HttpCommandExecutor.execute(HttpCommandExecutor.java:158)
	at org.openqa.selenium.remote.service.DriverCommandExecutor.execute(DriverCommandExecutor.java:83)
	at org.openqa.selenium.remote.RemoteWebDriver.execute(RemoteWebDriver.java:543)
	at org.openqa.selenium.remote.RemoteWebElement.execute(RemoteWebElement.java:276)
	at org.openqa.selenium.remote.RemoteWebElement.click(RemoteWebElement.java:83)
	at selenium_tests.Webdriver_builder$Enhanced_selenium_methods.click(Webdriver_builder.java:392)
	at selenium_tests.page_object_model.POM_productPage.adds_product_to_basket_via_productPage(POM_productPage.java:54)
	at selenium_tests.feature_steps.Steps_basket_feature.adds_product_to_basket_twice(Steps_basket_feature.java:32)
	at ?.adds product: WEIGHTS to basket twice(src/test/resources/Features/TestSuite_basket.feature:32)
... Removed 4 stack frames</div></td></tr></table><p class="totop"><a href="#summary">back to summary</a></p><h3 id="m24">selenium_tests.Runner#run_scenario</h3><table class="result"><tr class="param"><th>Parameter #1</th><th>Parameter #2</th></tr><tr class="param stripe"><td>&quot;Customer views basket with x2 products, totalling x4 quantity then removes 1st product&quot;</td><td>&quot;Basket&quot;</td></tr><tr><th colspan="2">Messages</th></tr><tr><td colspan="2"><div class="messages"><div "result">customer is on homepage (PASSED : 3s)</div><br/><div "result">customer searches by product: COOKERS using search feature (PASSED : 2s)</div><br/><div "result">adds first product to basket x2 quantity (FAILED : 63s)</div><br/><div "result">adds second product to basket x2 quantity (SKIPPED)</div><br/><div "result">customer views basket (SKIPPED)</div><br/><div "result">basket with 2 products and 4 quantity is shown (SKIPPED)</div><br/><div "result">customer removes firt product from basket (SKIPPED)</div><br/><div "result">basket with 1 products and 2 quantity is shown (SKIPPED)</div></div></td></tr><tr><th colspan="2">Exception</th></tr><tr><td colspan="2"><div class="stacktrace">org.openqa.selenium.TimeoutException: Expected condition failed: waiting for presence of element located by: By.xpath: //button[@class=&quot;button button--full button--secondary&quot;] (tried for 60 second(s) with 500 milliseconds interval)
	at org.openqa.selenium.support.ui.WebDriverWait.timeoutException(WebDriverWait.java:81)
	at org.openqa.selenium.support.ui.FluentWait.until(FluentWait.java:271)
	at selenium_tests.Webdriver_builder$Enhanced_selenium_methods.wait_until_present(Webdriver_builder.java:491)
	at selenium_tests.Webdriver_builder$Enhanced_selenium_methods.focus_on(Webdriver_builder.java:707)
	at selenium_tests.Webdriver_builder$Enhanced_selenium_methods.click(Webdriver_builder.java:390)
	at selenium_tests.page_object_model.POM_popupBasket.checkContinueShopping(POM_popupBasket.java:17)
	at selenium_tests.page_object_model.POM_productPage.adds_product_to_basket_via_productPage(POM_productPage.java:55)
	at selenium_tests.page_object_model.POM_productResults.add_first_product_to_Basket_via_productResults(POM_productResults.java:30)
	at selenium_tests.feature_steps.Steps_basket_feature.adds_first_product_to_basket_x_quantity(Steps_basket_feature.java:40)
	at ?.adds first product to basket x2 quantity(src/test/resources/Features/TestSuite_basket.feature:64)
Caused by: org.openqa.selenium.NoSuchElementException: Cannot locate an element using By.xpath: //button[@class=&quot;button button--full button--secondary&quot;]
For documentation on this error, please visit: http://seleniumhq.org/exceptions/no_such_element.html
Build info: version: &apos;3.12.0&apos;, revision: &apos;7c6e0b3&apos;, time: &apos;2018-05-08T14:04:26.12Z&apos;
System info: host: &apos;DESKTOP-KQS99BN&apos;, ip: &apos;192.168.0.17&apos;, os.name: &apos;Windows 10&apos;, os.arch: &apos;amd64&apos;, os.version: &apos;10.0&apos;, java.version: &apos;1.8.0_161&apos;
Driver info: driver.version: unknown
	at org.openqa.selenium.support.ui.ExpectedConditions.lambda$findElement$0(ExpectedConditions.java:896)
	at java.util.Optional.orElseThrow(Optional.java:290)
	at org.openqa.selenium.support.ui.ExpectedConditions.findElement(ExpectedConditions.java:895)
	at org.openqa.selenium.support.ui.ExpectedConditions.access$000(ExpectedConditions.java:44)
	at org.openqa.selenium.support.ui.ExpectedConditions$6.apply(ExpectedConditions.java:183)
	at org.openqa.selenium.support.ui.ExpectedConditions$6.apply(ExpectedConditions.java:180)
	at org.openqa.selenium.support.ui.FluentWait.until(FluentWait.java:248)
	at selenium_tests.Webdriver_builder$Enhanced_selenium_methods.wait_until_present(Webdriver_builder.java:491)
	at selenium_tests.Webdriver_builder$Enhanced_selenium_methods.focus_on(Webdriver_builder.java:707)
	at selenium_tests.Webdriver_builder$Enhanced_selenium_methods.click(Webdriver_builder.java:390)
	at selenium_tests.page_object_model.POM_popupBasket.checkContinueShopping(POM_popupBasket.java:17)
	at selenium_tests.page_object_model.POM_productPage.adds_product_to_basket_via_productPage(POM_productPage.java:55)
	at selenium_tests.page_object_model.POM_productResults.add_first_product_to_Basket_via_productResults(POM_productResults.java:30)
	at selenium_tests.feature_steps.Steps_basket_feature.adds_first_product_to_basket_x_quantity(Steps_basket_feature.java:40)
	at cucumber.runtime.Utils$1.call(Utils.java:26)
	at cucumber.runtime.Timeout.timeout(Timeout.java:16)
	at cucumber.runtime.Utils.invoke(Utils.java:20)
	at cucumber.runtime.java.JavaStepDefinition.execute(JavaStepDefinition.java:48)
	at cucumber.runtime.PickleStepDefinitionMatch.runStep(PickleStepDefinitionMatch.java:50)
	at cucumber.runner.TestStep.executeStep(TestStep.java:55)
	at cucumber.runner.TestStep.run(TestStep.java:42)
	at cucumber.runner.PickleStepTestStep.run(PickleStepTestStep.java:53)
	at cucumber.runner.TestCase.run(TestCase.java:47)
	at cucumber.runner.Runner.runPickle(Runner.java:44)
	at cucumber.api.testng.TestNGCucumberRunner.runScenario(TestNGCucumberRunner.java:56)
	at selenium_tests.Runner.run_scenario(Runner.java:138)
	at java.util.concurrent.FutureTask.run(FutureTask.java:266)
	at java.util.concurrent.ThreadPoolExecutor.runWorker(ThreadPoolExecutor.java:1149)
	at java.util.concurrent.ThreadPoolExecutor$Worker.run(ThreadPoolExecutor.java:624)
	at java.lang.Thread.run(Thread.java:748)
... Removed 19 stack frames</div></td></tr></table><p class="totop"><a href="#summary">back to summary</a></p><h3 id="m25">selenium_tests.Runner#run_scenario</h3><table class="result"><tr class="param"><th>Parameter #1</th><th>Parameter #2</th></tr><tr class="param stripe"><td>&quot;Customer views basket with x1 products, totalling x1 quantity&quot;</td><td>&quot;Basket&quot;</td></tr><tr><th colspan="2">Messages</th></tr><tr><td colspan="2"><div class="messages"><div "result">customer is on product page : JEANS (PASSED : 8s)</div><br/><div "result">adds product to basket (FAILED : 60s)</div><br/><div "result">customer views basket (SKIPPED)</div><br/><div "result">basket with 1 products and 1 quantity is shown (SKIPPED)</div></div></td></tr><tr><th colspan="2">Exception</th></tr><tr><td colspan="2"><div class="stacktrace">org.openqa.selenium.TimeoutException: Expected condition failed: waiting for presence of element located by: By.xpath: //button[@class=&quot; add-to-trolley-button button button--primary button--full&quot;] (tried for 60 second(s) with 500 milliseconds interval)
	at org.openqa.selenium.support.ui.WebDriverWait.timeoutException(WebDriverWait.java:81)
	at org.openqa.selenium.support.ui.FluentWait.until(FluentWait.java:271)
	at selenium_tests.Webdriver_builder$Enhanced_selenium_methods.wait_until_present(Webdriver_builder.java:491)
	at selenium_tests.Webdriver_builder$Enhanced_selenium_methods.focus_on(Webdriver_builder.java:707)
	at selenium_tests.Webdriver_builder$Enhanced_selenium_methods.click(Webdriver_builder.java:390)
	at selenium_tests.page_object_model.POM_productPage.adds_product_to_basket_via_productPage(POM_productPage.java:54)
	at selenium_tests.feature_steps.Steps_basket_feature.adds_product_to_basket(Steps_basket_feature.java:25)
	at ?.adds product to basket(src/test/resources/Features/TestSuite_basket.feature:14)
Caused by: org.openqa.selenium.NoSuchElementException: Cannot locate an element using By.xpath: //button[@class=&quot; add-to-trolley-button button button--primary button--full&quot;]
For documentation on this error, please visit: http://seleniumhq.org/exceptions/no_such_element.html
Build info: version: &apos;3.12.0&apos;, revision: &apos;7c6e0b3&apos;, time: &apos;2018-05-08T14:04:26.12Z&apos;
System info: host: &apos;DESKTOP-KQS99BN&apos;, ip: &apos;192.168.0.17&apos;, os.name: &apos;Windows 10&apos;, os.arch: &apos;amd64&apos;, os.version: &apos;10.0&apos;, java.version: &apos;1.8.0_161&apos;
Driver info: driver.version: unknown
	at org.openqa.selenium.support.ui.ExpectedConditions.lambda$findElement$0(ExpectedConditions.java:896)
	at java.util.Optional.orElseThrow(Optional.java:290)
	at org.openqa.selenium.support.ui.ExpectedConditions.findElement(ExpectedConditions.java:895)
	at org.openqa.selenium.support.ui.ExpectedConditions.access$000(ExpectedConditions.java:44)
	at org.openqa.selenium.support.ui.ExpectedConditions$6.apply(ExpectedConditions.java:183)
	at org.openqa.selenium.support.ui.ExpectedConditions$6.apply(ExpectedConditions.java:180)
	at org.openqa.selenium.support.ui.FluentWait.until(FluentWait.java:248)
	at selenium_tests.Webdriver_builder$Enhanced_selenium_methods.wait_until_present(Webdriver_builder.java:491)
	at selenium_tests.Webdriver_builder$Enhanced_selenium_methods.focus_on(Webdriver_builder.java:707)
	at selenium_tests.Webdriver_builder$Enhanced_selenium_methods.click(Webdriver_builder.java:390)
	at selenium_tests.page_object_model.POM_productPage.adds_product_to_basket_via_productPage(POM_productPage.java:54)
	at selenium_tests.feature_steps.Steps_basket_feature.adds_product_to_basket(Steps_basket_feature.java:25)
	at cucumber.runtime.Utils$1.call(Utils.java:26)
	at cucumber.runtime.Timeout.timeout(Timeout.java:16)
	at cucumber.runtime.Utils.invoke(Utils.java:20)
	at cucumber.runtime.java.JavaStepDefinition.execute(JavaStepDefinition.java:48)
	at cucumber.runtime.PickleStepDefinitionMatch.runStep(PickleStepDefinitionMatch.java:50)
	at cucumber.runner.TestStep.executeStep(TestStep.java:55)
	at cucumber.runner.TestStep.run(TestStep.java:42)
	at cucumber.runner.PickleStepTestStep.run(PickleStepTestStep.java:53)
	at cucumber.runner.TestCase.run(TestCase.java:47)
	at cucumber.runner.Runner.runPickle(Runner.java:44)
	at cucumber.api.testng.TestNGCucumberRunner.runScenario(TestNGCucumberRunner.java:56)
	at selenium_tests.Runner.run_scenario(Runner.java:138)
	at java.util.concurrent.FutureTask.run(FutureTask.java:266)
	at java.util.concurrent.ThreadPoolExecutor.runWorker(ThreadPoolExecutor.java:1149)
	at java.util.concurrent.ThreadPoolExecutor$Worker.run(ThreadPoolExecutor.java:624)
	at java.lang.Thread.run(Thread.java:748)
... Removed 19 stack frames</div></td></tr></table><p class="totop"><a href="#summary">back to summary</a></p><h3 id="m26">selenium_tests.Runner#run_scenario</h3><table class="result"><tr class="param"><th>Parameter #1</th><th>Parameter #2</th></tr><tr class="param stripe"><td>&quot;Customer views basket with x1 products, totalling x2 quantity&quot;</td><td>&quot;Basket&quot;</td></tr><tr><th colspan="2">Messages</th></tr><tr><td colspan="2"><div class="messages"><div "result">customer is on product page : FOOTBALL (PASSED : 7s)</div><br/><div "result">adds product: FOOTBALL to basket twice (FAILED : 0s)</div><br/><div "result">customer views basket (SKIPPED)</div><br/><div "result">basket with 1 products and 2 quantity is shown (SKIPPED)</div><br/><div "result">customer changes quantity of first product to x10 (SKIPPED)</div><br/><div "result">basket with 1 products and 10 quantity is shown (SKIPPED)</div></div></td></tr><tr><th colspan="2">Exception</th></tr><tr><td colspan="2"><div class="stacktrace">org.openqa.selenium.WebDriverException: unknown error: Element is not clickable at point (1092, -70)
  (Session info: chrome=69.0.3497.100)
  (Driver info: chromedriver=70.0.3538.16 (16ed95b41bb05e565b11fb66ac33c660b721f778),platform=Windows NT 10.0.17134 x86_64) (WARNING: The server did not provide any stacktrace information)
Command duration or timeout: 0 milliseconds
Build info: version: &apos;3.12.0&apos;, revision: &apos;7c6e0b3&apos;, time: &apos;2018-05-08T14:04:26.12Z&apos;
System info: host: &apos;DESKTOP-KQS99BN&apos;, ip: &apos;192.168.0.17&apos;, os.name: &apos;Windows 10&apos;, os.arch: &apos;amd64&apos;, os.version: &apos;10.0&apos;, java.version: &apos;1.8.0_161&apos;
Driver info: org.openqa.selenium.chrome.ChromeDriver
Capabilities {acceptInsecureCerts: true, acceptSslCerts: true, applicationCacheEnabled: false, browserConnectionEnabled: false, browserName: chrome, chrome: {chromedriverVersion: 70.0.3538.16 (16ed95b41bb05..., userDataDir: C:\Users\WORKPE~1\AppData\L...}, cssSelectorsEnabled: true, databaseEnabled: false, goog:chromeOptions: {debuggerAddress: localhost:63886}, handlesAlerts: true, hasTouchScreen: false, javascriptEnabled: true, locationContextEnabled: true, mobileEmulationEnabled: false, nativeEvents: true, networkConnectionEnabled: false, pageLoadStrategy: normal, platform: XP, platformName: XP, rotatable: false, setWindowRect: true, takesHeapSnapshot: true, takesScreenshot: true, unexpectedAlertBehaviour: accept, unhandledPromptBehavior: accept, version: 69.0.3497.100, webStorageEnabled: true}
Session ID: b9284317eb958366e8ed3def43acc816
	at org.openqa.selenium.remote.ErrorHandler.createThrowable(ErrorHandler.java:214)
	at org.openqa.selenium.remote.ErrorHandler.throwIfResponseFailed(ErrorHandler.java:166)
	at org.openqa.selenium.remote.http.JsonHttpResponseCodec.reconstructValue(JsonHttpResponseCodec.java:40)
	at org.openqa.selenium.remote.http.AbstractHttpResponseCodec.decode(AbstractHttpResponseCodec.java:80)
	at org.openqa.selenium.remote.http.AbstractHttpResponseCodec.decode(AbstractHttpResponseCodec.java:44)
	at org.openqa.selenium.remote.HttpCommandExecutor.execute(HttpCommandExecutor.java:158)
	at org.openqa.selenium.remote.service.DriverCommandExecutor.execute(DriverCommandExecutor.java:83)
	at org.openqa.selenium.remote.RemoteWebDriver.execute(RemoteWebDriver.java:543)
	at org.openqa.selenium.remote.RemoteWebElement.execute(RemoteWebElement.java:276)
	at org.openqa.selenium.remote.RemoteWebElement.click(RemoteWebElement.java:83)
	at selenium_tests.Webdriver_builder$Enhanced_selenium_methods.click(Webdriver_builder.java:392)
	at selenium_tests.page_object_model.POM_productPage.adds_product_to_basket_via_productPage(POM_productPage.java:54)
	at selenium_tests.feature_steps.Steps_basket_feature.adds_product_to_basket_twice(Steps_basket_feature.java:32)
	at ?.adds product: FOOTBALL to basket twice(src/test/resources/Features/TestSuite_basket.feature:32)
... Removed 4 stack frames</div></td></tr></table><p class="totop"><a href="#summary">back to summary</a></p><h3 id="m27">selenium_tests.Runner#run_scenario</h3><table class="result"><tr class="param"><th>Parameter #1</th><th>Parameter #2</th></tr><tr class="param stripe"><td>&quot;Customer views basket with x1 products, totalling x1 quantity&quot;</td><td>&quot;Basket&quot;</td></tr><tr><th colspan="2">Messages</th></tr><tr><td colspan="2"><div class="messages"><div "result">customer is on product page : FOOTBALL (PASSED : 9s)</div><br/><div "result">adds product to basket (FAILED : 61s)</div><br/><div "result">customer views basket (SKIPPED)</div><br/><div "result">basket with 1 products and 1 quantity is shown (SKIPPED)</div></div></td></tr><tr><th colspan="2">Exception</th></tr><tr><td colspan="2"><div class="stacktrace">org.openqa.selenium.TimeoutException: Expected condition failed: waiting for presence of element located by: By.xpath: //button[@class=&quot;button button--full button--secondary&quot;] (tried for 60 second(s) with 500 milliseconds interval)
	at org.openqa.selenium.support.ui.WebDriverWait.timeoutException(WebDriverWait.java:81)
	at org.openqa.selenium.support.ui.FluentWait.until(FluentWait.java:271)
	at selenium_tests.Webdriver_builder$Enhanced_selenium_methods.wait_until_present(Webdriver_builder.java:491)
	at selenium_tests.Webdriver_builder$Enhanced_selenium_methods.focus_on(Webdriver_builder.java:707)
	at selenium_tests.Webdriver_builder$Enhanced_selenium_methods.click(Webdriver_builder.java:390)
	at selenium_tests.page_object_model.POM_popupBasket.checkContinueShopping(POM_popupBasket.java:17)
	at selenium_tests.page_object_model.POM_productPage.adds_product_to_basket_via_productPage(POM_productPage.java:55)
	at selenium_tests.feature_steps.Steps_basket_feature.adds_product_to_basket(Steps_basket_feature.java:25)
	at ?.adds product to basket(src/test/resources/Features/TestSuite_basket.feature:14)
Caused by: org.openqa.selenium.NoSuchElementException: Cannot locate an element using By.xpath: //button[@class=&quot;button button--full button--secondary&quot;]
For documentation on this error, please visit: http://seleniumhq.org/exceptions/no_such_element.html
Build info: version: &apos;3.12.0&apos;, revision: &apos;7c6e0b3&apos;, time: &apos;2018-05-08T14:04:26.12Z&apos;
System info: host: &apos;DESKTOP-KQS99BN&apos;, ip: &apos;192.168.0.17&apos;, os.name: &apos;Windows 10&apos;, os.arch: &apos;amd64&apos;, os.version: &apos;10.0&apos;, java.version: &apos;1.8.0_161&apos;
Driver info: driver.version: unknown
	at org.openqa.selenium.support.ui.ExpectedConditions.lambda$findElement$0(ExpectedConditions.java:896)
	at java.util.Optional.orElseThrow(Optional.java:290)
	at org.openqa.selenium.support.ui.ExpectedConditions.findElement(ExpectedConditions.java:895)
	at org.openqa.selenium.support.ui.ExpectedConditions.access$000(ExpectedConditions.java:44)
	at org.openqa.selenium.support.ui.ExpectedConditions$6.apply(ExpectedConditions.java:183)
	at org.openqa.selenium.support.ui.ExpectedConditions$6.apply(ExpectedConditions.java:180)
	at org.openqa.selenium.support.ui.FluentWait.until(FluentWait.java:248)
	at selenium_tests.Webdriver_builder$Enhanced_selenium_methods.wait_until_present(Webdriver_builder.java:491)
	at selenium_tests.Webdriver_builder$Enhanced_selenium_methods.focus_on(Webdriver_builder.java:707)
	at selenium_tests.Webdriver_builder$Enhanced_selenium_methods.click(Webdriver_builder.java:390)
	at selenium_tests.page_object_model.POM_popupBasket.checkContinueShopping(POM_popupBasket.java:17)
	at selenium_tests.page_object_model.POM_productPage.adds_product_to_basket_via_productPage(POM_productPage.java:55)
	at selenium_tests.feature_steps.Steps_basket_feature.adds_product_to_basket(Steps_basket_feature.java:25)
	at cucumber.runtime.Utils$1.call(Utils.java:26)
	at cucumber.runtime.Timeout.timeout(Timeout.java:16)
	at cucumber.runtime.Utils.invoke(Utils.java:20)
	at cucumber.runtime.java.JavaStepDefinition.execute(JavaStepDefinition.java:48)
	at cucumber.runtime.PickleStepDefinitionMatch.runStep(PickleStepDefinitionMatch.java:50)
	at cucumber.runner.TestStep.executeStep(TestStep.java:55)
	at cucumber.runner.TestStep.run(TestStep.java:42)
	at cucumber.runner.PickleStepTestStep.run(PickleStepTestStep.java:53)
	at cucumber.runner.TestCase.run(TestCase.java:47)
	at cucumber.runner.Runner.runPickle(Runner.java:44)
	at cucumber.api.testng.TestNGCucumberRunner.runScenario(TestNGCucumberRunner.java:56)
	at selenium_tests.Runner.run_scenario(Runner.java:138)
	at java.util.concurrent.FutureTask.run(FutureTask.java:266)
	at java.util.concurrent.ThreadPoolExecutor.runWorker(ThreadPoolExecutor.java:1149)
	at java.util.concurrent.ThreadPoolExecutor$Worker.run(ThreadPoolExecutor.java:624)
	at java.lang.Thread.run(Thread.java:748)
... Removed 20 stack frames</div></td></tr></table><p class="totop"><a href="#summary">back to summary</a></p><h3 id="m28">selenium_tests.Runner#run_scenario</h3><table class="result"><tr class="param"><th>Parameter #1</th><th>Parameter #2</th></tr><tr class="param stripe"><td>&quot;Customer views basket with x2 products, totalling x4 quantity then removes 1st product&quot;</td><td>&quot;Basket&quot;</td></tr><tr><th colspan="2">Messages</th></tr><tr><td colspan="2"><div class="messages"><div "result">customer is on homepage (PASSED : 2s)</div><br/><div "result">customer searches by product: JEANS using search feature (PASSED : 2s)</div><br/><div "result">adds first product to basket x2 quantity (FAILED : 3s)</div><br/><div "result">adds second product to basket x2 quantity (SKIPPED)</div><br/><div "result">customer views basket (SKIPPED)</div><br/><div "result">basket with 2 products and 4 quantity is shown (SKIPPED)</div><br/><div "result">customer removes firt product from basket (SKIPPED)</div><br/><div "result">basket with 1 products and 2 quantity is shown (SKIPPED)</div></div></td></tr><tr><th colspan="2">Exception</th></tr><tr><td colspan="2"><div class="stacktrace">org.openqa.selenium.WebDriverException: unknown error: Element is not clickable at point (1092, -42)
  (Session info: chrome=69.0.3497.100)
  (Driver info: chromedriver=70.0.3538.16 (16ed95b41bb05e565b11fb66ac33c660b721f778),platform=Windows NT 10.0.17134 x86_64) (WARNING: The server did not provide any stacktrace information)
Command duration or timeout: 0 milliseconds
Build info: version: &apos;3.12.0&apos;, revision: &apos;7c6e0b3&apos;, time: &apos;2018-05-08T14:04:26.12Z&apos;
System info: host: &apos;DESKTOP-KQS99BN&apos;, ip: &apos;192.168.0.17&apos;, os.name: &apos;Windows 10&apos;, os.arch: &apos;amd64&apos;, os.version: &apos;10.0&apos;, java.version: &apos;1.8.0_161&apos;
Driver info: org.openqa.selenium.chrome.ChromeDriver
Capabilities {acceptInsecureCerts: true, acceptSslCerts: true, applicationCacheEnabled: false, browserConnectionEnabled: false, browserName: chrome, chrome: {chromedriverVersion: 70.0.3538.16 (16ed95b41bb05..., userDataDir: C:\Users\WORKPE~1\AppData\L...}, cssSelectorsEnabled: true, databaseEnabled: false, goog:chromeOptions: {debuggerAddress: localhost:63886}, handlesAlerts: true, hasTouchScreen: false, javascriptEnabled: true, locationContextEnabled: true, mobileEmulationEnabled: false, nativeEvents: true, networkConnectionEnabled: false, pageLoadStrategy: normal, platform: XP, platformName: XP, rotatable: false, setWindowRect: true, takesHeapSnapshot: true, takesScreenshot: true, unexpectedAlertBehaviour: accept, unhandledPromptBehavior: accept, version: 69.0.3497.100, webStorageEnabled: true}
Session ID: b9284317eb958366e8ed3def43acc816
	at org.openqa.selenium.remote.ErrorHandler.createThrowable(ErrorHandler.java:214)
	at org.openqa.selenium.remote.ErrorHandler.throwIfResponseFailed(ErrorHandler.java:166)
	at org.openqa.selenium.remote.http.JsonHttpResponseCodec.reconstructValue(JsonHttpResponseCodec.java:40)
	at org.openqa.selenium.remote.http.AbstractHttpResponseCodec.decode(AbstractHttpResponseCodec.java:80)
	at org.openqa.selenium.remote.http.AbstractHttpResponseCodec.decode(AbstractHttpResponseCodec.java:44)
	at org.openqa.selenium.remote.HttpCommandExecutor.execute(HttpCommandExecutor.java:158)
	at org.openqa.selenium.remote.service.DriverCommandExecutor.execute(DriverCommandExecutor.java:83)
	at org.openqa.selenium.remote.RemoteWebDriver.execute(RemoteWebDriver.java:543)
	at org.openqa.selenium.remote.RemoteWebElement.execute(RemoteWebElement.java:276)
	at org.openqa.selenium.remote.RemoteWebElement.click(RemoteWebElement.java:83)
	at selenium_tests.Webdriver_builder$Enhanced_selenium_methods.click(Webdriver_builder.java:392)
	at selenium_tests.page_object_model.POM_productPage.adds_product_to_basket_via_productPage(POM_productPage.java:54)
	at selenium_tests.page_object_model.POM_productResults.add_first_product_to_Basket_via_productResults(POM_productResults.java:30)
	at selenium_tests.feature_steps.Steps_basket_feature.adds_first_product_to_basket_x_quantity(Steps_basket_feature.java:40)
	at ?.adds first product to basket x2 quantity(src/test/resources/Features/TestSuite_basket.feature:64)
... Removed 4 stack frames</div></td></tr></table><p class="totop"><a href="#summary">back to summary</a></p><h3 id="m29">selenium_tests.Runner#run_scenario</h3><table class="result"><tr class="param"><th>Parameter #1</th><th>Parameter #2</th></tr><tr class="param stripe"><td>&quot;Customer views basket with x1 products, totalling x1 quantity&quot;</td><td>&quot;Basket&quot;</td></tr><tr><th colspan="2">Messages</th></tr><tr><td colspan="2"><div class="messages"><div "result">customer is on product page : XBOX (PASSED : 15s)</div><br/><div "result">adds product to basket (PASSED : 2s)</div><br/><div "result">customer views basket (PASSED : 3s)</div><br/><div "result">basket with 1 products and 1 quantity is shown (PASSED : 0s)</div></div></td></tr></table><p class="totop"><a href="#summary">back to summary</a></p><h3 id="m30">selenium_tests.Runner#run_scenario</h3><table class="result"><tr class="param"><th>Parameter #1</th><th>Parameter #2</th></tr><tr class="param stripe"><td>&quot;Customer views empty basket&quot;</td><td>&quot;Basket&quot;</td></tr><tr><th colspan="2">Messages</th></tr><tr><td colspan="2"><div class="messages"><div "result">customer is on homepage (PASSED : 6s)</div><br/><div "result">customer views basket (PASSED : 4s)</div><br/><div "result">empty basket is shown (PASSED : 0s)</div></div></td></tr></table><p class="totop"><a href="#summary">back to summary</a></p><h3 id="m31">selenium_tests.Runner#run_scenario</h3><table class="result"><tr class="param"><th>Parameter #1</th><th>Parameter #2</th></tr><tr class="param stripe"><td>&quot;Customer views basket with x2 products, totalling x2 quantity&quot;</td><td>&quot;Basket&quot;</td></tr><tr><th colspan="2">Messages</th></tr><tr><td colspan="2"><div class="messages"><div "result">customer is on homepage (PASSED : 2s)</div><br/><div "result">customer searches by product: PUSHCHAIR using search feature (PASSED : 3s)</div><br/><div "result">adds first product to basket x1 quantity (PASSED : 1s)</div><br/><div "result">adds second product to basket x1 quantity (PASSED : 1s)</div><br/><div "result">customer views basket (PASSED : 3s)</div><br/><div "result">basket with 2 products and 2 quantity is shown (PASSED : 0s)</div></div></td></tr></table><p class="totop"><a href="#summary">back to summary</a></p><h3 id="m32">selenium_tests.Runner#run_scenario</h3><table class="result"><tr class="param"><th>Parameter #1</th><th>Parameter #2</th></tr><tr class="param stripe"><td>&quot;Customer views basket with x1 products, totalling x1 quantity&quot;</td><td>&quot;Basket&quot;</td></tr><tr><th colspan="2">Messages</th></tr><tr><td colspan="2"><div class="messages"><div "result">customer is on product page : WEIGHTS (PASSED : 9s)</div><br/><div "result">adds product to basket (PASSED : 1s)</div><br/><div "result">customer views basket (PASSED : 3s)</div><br/><div "result">basket with 1 products and 1 quantity is shown (PASSED : 0s)</div></div></td></tr></table><p class="totop"><a href="#summary">back to summary</a></p><h3 id="m33">selenium_tests.Runner#run_scenario</h3><table class="result"><tr class="param"><th>Parameter #1</th><th>Parameter #2</th></tr><tr class="param stripe"><td>&quot;Customer views basket with x2 products, totalling x2 quantity&quot;</td><td>&quot;Basket&quot;</td></tr><tr><th colspan="2">Messages</th></tr><tr><td colspan="2"><div class="messages"><div "result">customer is on homepage (PASSED : 3s)</div><br/><div "result">customer searches by product: FOOTBALL using search feature (PASSED : 3s)</div><br/><div "result">adds first product to basket x1 quantity (PASSED : 1s)</div><br/><div "result">adds second product to basket x1 quantity (PASSED : 1s)</div><br/><div "result">customer views basket (PASSED : 3s)</div><br/><div "result">basket with 2 products and 2 quantity is shown (PASSED : 0s)</div></div></td></tr></table><p class="totop"><a href="#summary">back to summary</a></p><h3 id="m34">selenium_tests.Runner#run_scenario</h3><table class="result"><tr class="param"><th>Parameter #1</th><th>Parameter #2</th></tr><tr class="param stripe"><td>&quot;Customer views basket with x1 products, totalling x1 quantity&quot;</td><td>&quot;Basket&quot;</td></tr><tr><th colspan="2">Messages</th></tr><tr><td colspan="2"><div class="messages"><div "result">customer is on product page : PUSHCHAIR (PASSED : 11s)</div><br/><div "result">adds product to basket (PASSED : 1s)</div><br/><div "result">customer views basket (PASSED : 4s)</div><br/><div "result">basket with 1 products and 1 quantity is shown (PASSED : 0s)</div></div></td></tr></table><p class="totop"><a href="#summary">back to summary</a></p><h3 id="m35">selenium_tests.Runner#run_scenario</h3><table class="result"><tr class="param"><th>Parameter #1</th><th>Parameter #2</th></tr><tr class="param stripe"><td>&quot;Customer views basket with x1 products, totalling x1 quantity&quot;</td><td>&quot;Basket&quot;</td></tr><tr><th colspan="2">Messages</th></tr><tr><td colspan="2"><div class="messages"><div "result">customer is on product page : SPIDERMAN (PASSED : 10s)</div><br/><div "result">adds product to basket (PASSED : 2s)</div><br/><div "result">customer views basket (PASSED : 3s)</div><br/><div "result">basket with 1 products and 1 quantity is shown (PASSED : 0s)</div></div></td></tr></table><p class="totop"><a href="#summary">back to summary</a></p><h3 id="m36">selenium_tests.Runner#run_scenario</h3><table class="result"><tr class="param"><th>Parameter #1</th><th>Parameter #2</th></tr><tr class="param stripe"><td>&quot;Customer able to see all key features on homepage&quot;</td><td>&quot;Homepage&quot;</td></tr><tr><th colspan="2">Messages</th></tr><tr><td colspan="2"><div class="messages"><div "result">customer is on homepage (PASSED : 2s)</div><br/><div "result">all key homepage elements are shown (PASSED : 0s)</div></div></td></tr></table><p class="totop"><a href="#summary">back to summary</a></p><h3 id="m37">selenium_tests.Runner#run_scenario</h3><table class="result"><tr class="param"><th>Parameter #1</th><th>Parameter #2</th></tr><tr class="param stripe"><td>&quot;Customer views basket with x2 products, totalling x2 quantity&quot;</td><td>&quot;Basket&quot;</td></tr><tr><th colspan="2">Messages</th></tr><tr><td colspan="2"><div class="messages"><div "result">customer is on homepage (PASSED : 3s)</div><br/><div "result">customer searches by product: SPIDERMAN using search feature (PASSED : 3s)</div><br/><div "result">adds first product to basket x1 quantity (PASSED : 1s)</div><br/><div "result">adds second product to basket x1 quantity (PASSED : 1s)</div><br/><div "result">customer views basket (PASSED : 8s)</div><br/><div "result">basket with 2 products and 2 quantity is shown (PASSED : 0s)</div></div></td></tr></table><p class="totop"><a href="#summary">back to summary</a></p><h3 id="m38">selenium_tests.Runner#run_scenario</h3><table class="result"><tr class="param"><th>Parameter #1</th><th>Parameter #2</th></tr><tr class="param stripe"><td>&quot;Customer views basket with x1 products, totalling x1 quantity&quot;</td><td>&quot;Basket&quot;</td></tr><tr><th colspan="2">Messages</th></tr><tr><td colspan="2"><div class="messages"><div "result">customer is on product page : COOKERS (PASSED : 11s)</div><br/><div "result">adds product to basket (PASSED : 1s)</div><br/><div "result">customer views basket (PASSED : 4s)</div><br/><div "result">basket with 1 products and 1 quantity is shown (PASSED : 0s)</div></div></td></tr></table><p class="totop"><a href="#summary">back to summary</a></p></body></html>