<?xml version="1.0" encoding="UTF-8"?>
<!-- Generated by org.testng.reporters.JUnitXMLReporter -->
<testsuite hostname="DESKTOP-KQS99BN" ignored="0" name="windows chrome - Tests with Homepage or Basket tags" tests="19" failures="1" timestamp="05 Oct 2018 14:45:48 GMT" time="568.504" errors="0">
  <testcase name="run_scenario" time="11.304" classname="selenium_tests.Runner"/>
  <testcase name="run_scenario" time="22.016" classname="selenium_tests.Runner"/>
  <testcase name="run_scenario" time="18.58" classname="selenium_tests.Runner"/>
  <testcase name="run_scenario" time="18.148" classname="selenium_tests.Runner"/>
  <testcase name="run_scenario" time="16.918" classname="selenium_tests.Runner"/>
  <testcase name="run_scenario" time="71.613" classname="selenium_tests.Runner">
    <skipped/>
  </testcase> <!-- run_scenario -->
  <testcase name="run_scenario" time="15.831" classname="selenium_tests.Runner"/>
  <testcase name="run_scenario" time="68.876" classname="selenium_tests.Runner">
    <skipped/>
  </testcase> <!-- run_scenario -->
  <testcase name="run_scenario" time="8.436" classname="selenium_tests.Runner">
    <skipped/>
  </testcase> <!-- run_scenario -->
  <testcase name="run_scenario" time="8.608" classname="selenium_tests.Runner">
    <skipped/>
  </testcase> <!-- run_scenario -->
  <testcase name="run_scenario" time="13.518" classname="selenium_tests.Runner">
    <skipped/>
  </testcase> <!-- run_scenario -->
  <testcase name="run_scenario" time="67.575" classname="selenium_tests.Runner">
    <skipped/>
  </testcase> <!-- run_scenario -->
  <testcase name="run_scenario" time="13.545" classname="selenium_tests.Runner"/>
  <testcase name="run_scenario" time="18.985" classname="selenium_tests.Runner"/>
  <testcase name="run_scenario" time="14.083" classname="selenium_tests.Runner"/>
  <testcase name="run_scenario" time="79.376" classname="selenium_tests.Runner">
    <failure type="java.lang.AssertionError" message="expected [1] but found [2]">
      <![CDATA[java.lang.AssertionError: expected [1] but found [2]
	at selenium_tests.feature_steps.Steps_basket_feature.basket_with_products_and_quantity_is_shown(Steps_basket_feature.java:90)
	at âœ½.basket with 1 products and 2 quantity is shown(src/test/resources/Features/TestSuite_basket.feature:69)
... Removed 6 stack frames]]>
    </failure>
  </testcase> <!-- run_scenario -->
  <testcase name="run_scenario" time="70.117" classname="selenium_tests.Runner">
    <skipped/>
  </testcase> <!-- run_scenario -->
  <testcase name="run_scenario" time="9.666" classname="selenium_tests.Runner">
    <skipped/>
  </testcase> <!-- run_scenario -->
  <testcase name="run_scenario" time="2.896" classname="selenium_tests.Runner"/>
</testsuite> <!-- windows chrome - Tests with Homepage or Basket tags -->
