<?xml version="1.0" encoding="UTF-8"?>
<!-- Generated by org.testng.reporters.JUnitXMLReporter -->
<testsuite hostname="DESKTOP-KQS99BN" ignored="0" name="windows firefox" tests="1" failures="0" timestamp="26 Aug 2018 17:58:42 GMT" time="1.901" errors="0">
  <testcase name="@BeforeClass setup" time="1.88" classname="selenium_tests.Runner">
    <failure type="java.lang.NoClassDefFoundError" message="Could not initialize class net.lightbody.bmp.core.har.Har">
      <![CDATA[java.lang.NoClassDefFoundError: Could not initialize class net.lightbody.bmp.core.har.Har
	at net.lightbody.bmp.BrowserMobProxyServer.newHar(BrowserMobProxyServer.java:470)
	at net.lightbody.bmp.BrowserMobProxyServer.newHar(BrowserMobProxyServer.java:459)
	at net.lightbody.bmp.BrowserMobProxyServer.newHar(BrowserMobProxyServer.java:454)
	at selenium_tests.Webdriver_builder.set_web_proxy(Webdriver_builder.java:246)
	at selenium_tests.Webdriver_builder.set_driver_options(Webdriver_builder.java:189)
	at selenium_tests.Webdriver_builder.<init>(Webdriver_builder.java:109)
	at selenium_tests.Runner.setup(Runner.java:103)
	at java.util.concurrent.FutureTask.run(FutureTask.java:266)
	at java.util.concurrent.ThreadPoolExecutor.runWorker(ThreadPoolExecutor.java:1149)
	at java.util.concurrent.ThreadPoolExecutor$Worker.run(ThreadPoolExecutor.java:624)
	at java.lang.Thread.run(Thread.java:748)
... Removed 16 stack frames]]>
    </failure>
  </testcase> <!-- @BeforeClass setup -->
  <testcase name="@BeforeClass setup" time="1.88" classname="selenium_tests.Runner">
    <failure type="java.lang.NoClassDefFoundError" message="com/fasterxml/jackson/annotation/JsonMerge">
      <![CDATA[java.lang.NoClassDefFoundError: com/fasterxml/jackson/annotation/JsonMerge
	at com.fasterxml.jackson.databind.introspect.JacksonAnnotationIntrospector.<clinit>(JacksonAnnotationIntrospector.java:50)
	at com.fasterxml.jackson.databind.ObjectMapper.<clinit>(ObjectMapper.java:291)
	at net.lightbody.bmp.core.har.Har.<clinit>(Har.java:12)
	at net.lightbody.bmp.BrowserMobProxyServer.newHar(BrowserMobProxyServer.java:470)
	at net.lightbody.bmp.BrowserMobProxyServer.newHar(BrowserMobProxyServer.java:459)
	at net.lightbody.bmp.BrowserMobProxyServer.newHar(BrowserMobProxyServer.java:454)
	at selenium_tests.Webdriver_builder.set_web_proxy(Webdriver_builder.java:246)
	at selenium_tests.Webdriver_builder.set_driver_options(Webdriver_builder.java:203)
	at selenium_tests.Webdriver_builder.<init>(Webdriver_builder.java:109)
	at selenium_tests.Runner.setup(Runner.java:103)
	at java.util.concurrent.FutureTask.run(FutureTask.java:266)
	at java.util.concurrent.ThreadPoolExecutor.runWorker(ThreadPoolExecutor.java:1149)
	at java.util.concurrent.ThreadPoolExecutor$Worker.run(ThreadPoolExecutor.java:624)
	at java.lang.Thread.run(Thread.java:748)
Caused by: java.lang.ClassNotFoundException: com.fasterxml.jackson.annotation.JsonMerge
	at java.net.URLClassLoader.findClass(URLClassLoader.java:381)
	at java.lang.ClassLoader.loadClass(ClassLoader.java:424)
	at sun.misc.Launcher$AppClassLoader.loadClass(Launcher.java:338)
	at java.lang.ClassLoader.loadClass(ClassLoader.java:357)
	... 30 more
... Removed 16 stack frames]]>
    </failure>
  </testcase> <!-- @BeforeClass setup -->
  <testcase name="@AfterClass tear_down" time="0.001" classname="selenium_tests.Runner">
    <failure type="java.lang.NullPointerException">
      <![CDATA[java.lang.NullPointerException
	at selenium_tests.Runner.tear_down(Runner.java:143)
	at java.util.concurrent.FutureTask.run(FutureTask.java:266)
	at java.util.concurrent.ThreadPoolExecutor.runWorker(ThreadPoolExecutor.java:1149)
	at java.util.concurrent.ThreadPoolExecutor$Worker.run(ThreadPoolExecutor.java:624)
	at java.lang.Thread.run(Thread.java:748)
... Removed 16 stack frames]]>
    </failure>
  </testcase> <!-- @AfterClass tear_down -->
  <testcase name="@AfterClass tear_down" time="0.0" classname="selenium_tests.Runner">
    <failure type="java.lang.NullPointerException">
      <![CDATA[java.lang.NullPointerException
	at selenium_tests.Runner.tear_down(Runner.java:143)
	at java.util.concurrent.FutureTask.run(FutureTask.java:266)
	at java.util.concurrent.ThreadPoolExecutor.runWorker(ThreadPoolExecutor.java:1149)
	at java.util.concurrent.ThreadPoolExecutor$Worker.run(ThreadPoolExecutor.java:624)
	at java.lang.Thread.run(Thread.java:748)
... Removed 16 stack frames]]>
    </failure>
  </testcase> <!-- @AfterClass tear_down -->
  <testcase name="run_scenario" time="0.0" classname="selenium_tests.Runner">
    <skipped/>
  </testcase> <!-- run_scenario -->
</testsuite> <!-- windows firefox -->
