<?xml version="1.0" encoding="UTF-8"?>
<!-- Generated by org.testng.reporters.JUnitXMLReporter -->
<testsuite hostname="DESKTOP-KQS99BN" ignored="0" name="windows chrome - no tags (all features)" tests="85" failures="3" timestamp="07 Oct 2018 00:39:53 GMT" time="1522.645" errors="0">
  <testcase name="run_scenario" time="24.701" classname="selenium_tests.Runner"/>
  <testcase name="run_scenario" time="21.798" classname="selenium_tests.Runner"/>
  <testcase name="run_scenario" time="24.403" classname="selenium_tests.Runner"/>
  <testcase name="run_scenario" time="26.159" classname="selenium_tests.Runner"/>
  <testcase name="run_scenario" time="18.756" classname="selenium_tests.Runner"/>
  <testcase name="run_scenario" time="20.849" classname="selenium_tests.Runner"/>
  <testcase name="run_scenario" time="22.395" classname="selenium_tests.Runner"/>
  <testcase name="run_scenario" time="20.719" classname="selenium_tests.Runner"/>
  <testcase name="run_scenario" time="23.46" classname="selenium_tests.Runner"/>
  <testcase name="run_scenario" time="20.533" classname="selenium_tests.Runner"/>
  <testcase name="run_scenario" time="25.393" classname="selenium_tests.Runner"/>
  <testcase name="run_scenario" time="31.884" classname="selenium_tests.Runner"/>
  <testcase name="run_scenario" time="27.923" classname="selenium_tests.Runner"/>
  <testcase name="run_scenario" time="23.295" classname="selenium_tests.Runner"/>
  <testcase name="run_scenario" time="23.436" classname="selenium_tests.Runner"/>
  <testcase name="run_scenario" time="18.081" classname="selenium_tests.Runner"/>
  <testcase name="run_scenario" time="14.572" classname="selenium_tests.Runner"/>
  <testcase name="run_scenario" time="18.193" classname="selenium_tests.Runner"/>
  <testcase name="run_scenario" time="18.911" classname="selenium_tests.Runner"/>
  <testcase name="run_scenario" time="17.018" classname="selenium_tests.Runner"/>
  <testcase name="run_scenario" time="7.797" classname="selenium_tests.Runner"/>
  <testcase name="run_scenario" time="25.916" classname="selenium_tests.Runner"/>
  <testcase name="run_scenario" time="24.254" classname="selenium_tests.Runner"/>
  <testcase name="run_scenario" time="19.896" classname="selenium_tests.Runner"/>
  <testcase name="run_scenario" time="20.012" classname="selenium_tests.Runner"/>
  <testcase name="run_scenario" time="21.355" classname="selenium_tests.Runner"/>
  <testcase name="run_scenario" time="24.449" classname="selenium_tests.Runner"/>
  <testcase name="run_scenario" time="21.854" classname="selenium_tests.Runner"/>
  <testcase name="run_scenario" time="15.292" classname="selenium_tests.Runner">
    <skipped/>
  </testcase> <!-- run_scenario -->
  <testcase name="run_scenario" time="25.326" classname="selenium_tests.Runner"/>
  <testcase name="run_scenario" time="29.929" classname="selenium_tests.Runner"/>
  <testcase name="run_scenario" time="26.632" classname="selenium_tests.Runner"/>
  <testcase name="run_scenario" time="17.538" classname="selenium_tests.Runner"/>
  <testcase name="run_scenario" time="17.07" classname="selenium_tests.Runner"/>
  <testcase name="run_scenario" time="20.167" classname="selenium_tests.Runner"/>
  <testcase name="run_scenario" time="41.133" classname="selenium_tests.Runner">
    <failure type="java.lang.NumberFormatException" message="For input string: &amp;quot;&amp;quot;">
      <![CDATA[java.lang.NumberFormatException: For input string: ""
	at java.lang.NumberFormatException.forInputString(NumberFormatException.java:65)
	at java.lang.Integer.parseInt(Integer.java:592)
	at java.lang.Integer.valueOf(Integer.java:766)
	at selenium_tests.feature_steps.Steps_basket_feature.basket_with_products_and_quantity_is_shown(Steps_basket_feature.java:163)
	at ✽.basket with 1 products and 2 quantity is shown(src/test/resources/Features/TestSuite_basket.feature:69)
]]>
    </failure>
  </testcase> <!-- run_scenario -->
  <testcase name="run_scenario" time="64.68" classname="selenium_tests.Runner">
    <failure type="java.lang.NumberFormatException" message="For input string: &amp;quot;&amp;quot;">
      <![CDATA[java.lang.NumberFormatException: For input string: ""
	at java.lang.NumberFormatException.forInputString(NumberFormatException.java:65)
	at java.lang.Integer.parseInt(Integer.java:592)
	at java.lang.Integer.valueOf(Integer.java:766)
	at selenium_tests.feature_steps.Steps_basket_feature.basket_with_products_and_quantity_is_shown(Steps_basket_feature.java:163)
	at ✽.basket with 1 products and 2 quantity is shown(src/test/resources/Features/TestSuite_basket.feature:69)
]]>
    </failure>
  </testcase> <!-- run_scenario -->
  <testcase name="run_scenario" time="73.547" classname="selenium_tests.Runner">
    <failure type="java.lang.NumberFormatException" message="For input string: &amp;quot;&amp;quot;">
      <![CDATA[java.lang.NumberFormatException: For input string: ""
	at java.lang.NumberFormatException.forInputString(NumberFormatException.java:65)
	at java.lang.Integer.parseInt(Integer.java:592)
	at java.lang.Integer.valueOf(Integer.java:766)
	at selenium_tests.feature_steps.Steps_basket_feature.basket_with_products_and_quantity_is_shown(Steps_basket_feature.java:163)
	at ✽.basket with 1 products and 2 quantity is shown(src/test/resources/Features/TestSuite_basket.feature:69)
]]>
    </failure>
  </testcase> <!-- run_scenario -->
  <testcase name="run_scenario" time="9.717" classname="selenium_tests.Runner"/>
  <testcase name="run_scenario" time="8.785" classname="selenium_tests.Runner"/>
  <testcase name="run_scenario" time="12.856" classname="selenium_tests.Runner"/>
  <testcase name="run_scenario" time="7.121" classname="selenium_tests.Runner"/>
  <testcase name="run_scenario" time="8.082" classname="selenium_tests.Runner"/>
  <testcase name="run_scenario" time="7.999" classname="selenium_tests.Runner"/>
  <testcase name="run_scenario" time="7.752" classname="selenium_tests.Runner"/>
  <testcase name="run_scenario" time="6.585" classname="selenium_tests.Runner"/>
  <testcase name="run_scenario" time="13.839" classname="selenium_tests.Runner"/>
  <testcase name="run_scenario" time="12.322" classname="selenium_tests.Runner"/>
  <testcase name="run_scenario" time="12.292" classname="selenium_tests.Runner"/>
  <testcase name="run_scenario" time="12.265" classname="selenium_tests.Runner"/>
  <testcase name="run_scenario" time="10.744" classname="selenium_tests.Runner"/>
  <testcase name="run_scenario" time="13.071" classname="selenium_tests.Runner"/>
  <testcase name="run_scenario" time="15.334" classname="selenium_tests.Runner"/>
  <testcase name="run_scenario" time="16.063" classname="selenium_tests.Runner"/>
  <testcase name="run_scenario" time="11.882" classname="selenium_tests.Runner"/>
  <testcase name="run_scenario" time="13.489" classname="selenium_tests.Runner"/>
  <testcase name="run_scenario" time="34.408" classname="selenium_tests.Runner">
    <skipped/>
  </testcase> <!-- run_scenario -->
  <testcase name="run_scenario" time="11.055" classname="selenium_tests.Runner"/>
  <testcase name="run_scenario" time="8.82" classname="selenium_tests.Runner"/>
  <testcase name="run_scenario" time="12.268" classname="selenium_tests.Runner"/>
  <testcase name="run_scenario" time="13.701" classname="selenium_tests.Runner"/>
  <testcase name="run_scenario" time="9.879" classname="selenium_tests.Runner"/>
  <testcase name="run_scenario" time="9.285" classname="selenium_tests.Runner"/>
  <testcase name="run_scenario" time="9.445" classname="selenium_tests.Runner"/>
  <testcase name="run_scenario" time="10.09" classname="selenium_tests.Runner"/>
  <testcase name="run_scenario" time="11.177" classname="selenium_tests.Runner"/>
  <testcase name="run_scenario" time="21.425" classname="selenium_tests.Runner"/>
  <testcase name="run_scenario" time="10.437" classname="selenium_tests.Runner"/>
  <testcase name="run_scenario" time="12.672" classname="selenium_tests.Runner"/>
  <testcase name="run_scenario" time="8.955" classname="selenium_tests.Runner"/>
  <testcase name="run_scenario" time="6.619" classname="selenium_tests.Runner"/>
  <testcase name="run_scenario" time="7.071" classname="selenium_tests.Runner"/>
  <testcase name="run_scenario" time="6.787" classname="selenium_tests.Runner"/>
  <testcase name="run_scenario" time="6.834" classname="selenium_tests.Runner"/>
  <testcase name="run_scenario" time="5.977" classname="selenium_tests.Runner"/>
  <testcase name="run_scenario" time="6.853" classname="selenium_tests.Runner"/>
  <testcase name="run_scenario" time="8.015" classname="selenium_tests.Runner"/>
  <testcase name="run_scenario" time="5.865" classname="selenium_tests.Runner"/>
  <testcase name="run_scenario" time="15.616" classname="selenium_tests.Runner"/>
  <testcase name="run_scenario" time="32.358" classname="selenium_tests.Runner"/>
  <testcase name="run_scenario" time="33.647" classname="selenium_tests.Runner"/>
  <testcase name="run_scenario" time="32.425" classname="selenium_tests.Runner"/>
  <testcase name="run_scenario" time="6.035" classname="selenium_tests.Runner"/>
  <testcase name="run_scenario" time="5.421" classname="selenium_tests.Runner"/>
  <testcase name="run_scenario" time="3.108" classname="selenium_tests.Runner"/>
</testsuite> <!-- windows chrome - no tags (all features) -->
