<html>
<head>
<title>TestNG:  windows chrome - Tests with Homepage or Basket tags</title>
<link href="../testng.css" rel="stylesheet" type="text/css" />
<link href="../my-testng.css" rel="stylesheet" type="text/css" />

<style type="text/css">
.log { display: none;} 
.stack-trace { display: none;} 
</style>
<script type="text/javascript">
<!--
function flip(e) {
  current = e.style.display;
  if (current == 'block') {
    e.style.display = 'none';
    return 0;
  }
  else {
    e.style.display = 'block';
    return 1;
  }
}

function toggleBox(szDivId, elem, msg1, msg2)
{
  var res = -1;  if (document.getElementById) {
    res = flip(document.getElementById(szDivId));
  }
  else if (document.all) {
    // this is the way old msie versions work
    res = flip(document.all[szDivId]);
  }
  if(elem) {
    if(res == 0) elem.innerHTML = msg1; else elem.innerHTML = msg2;
  }

}

function toggleAllBoxes() {
  if (document.getElementsByTagName) {
    d = document.getElementsByTagName('div');
    for (i = 0; i < d.length; i++) {
      if (d[i].className == 'log') {
        flip(d[i]);
      }
    }
  }
}

// -->
</script>

</head>
<body>
<h2 align='center'>windows chrome - Tests with Homepage or Basket tags</h2><table border='1' align="center">
<tr>
<td>Tests passed/Failed/Skipped:</td><td>10/1/8</td>
</tr><tr>
<td>Started on:</td><td>Fri Oct 05 15:36:19 BST 2018</td>
</tr>
<tr><td>Total time:</td><td>568 seconds (568504 ms)</td>
</tr><tr>
<td>Included groups:</td><td></td>
</tr><tr>
<td>Excluded groups:</td><td></td>
</tr>
</table><p/>
<small><i>(Hover the method name to see the test class name)</i></small><p/>
<table width='100%' border='1' class='invocation-failed'>
<tr><td colspan='4' align='center'><b>FAILED TESTS</b></td></tr>
<tr><td><b>Test method</b></td>
<td width="30%"><b>Exception</b></td>
<td width="10%"><b>Time (seconds)</b></td>
<td><b>Instance</b></td>
</tr>
<tr>
<td title='selenium_tests.Runner.run_scenario()'><b>run_scenario</b><br>Test class: selenium_tests.Runner<br>Test method: Runs Cucumber Scenarios<br>Parameters: "Customer views basket with x2 products, totalling x4 quantity then removes 1st product", "Basket"<br/>
<a href="#Output-673162883" onClick='toggleBox("Output-673162883", this, "Show output", "Hide output");'>Show output</a>

<a href="#Output-673162883" onClick="toggleAllBoxes();">Show all outputs</a>
<div class='log' id="Output-673162883">
<div "result">customer is on homepage (PASSED : 3s)</div><br/>
<div "result">customer searches by product: XBOX using search feature (PASSED : 3s)</div><br/>
<div "result">adds first product to basket x2 quantity (PASSED : 3s)</div><br/>
<div "result">adds second product to basket x2 quantity (PASSED : 3s)</div><br/>
<div "result">customer views basket (PASSED : 3s)</div><br/>
<div "result">basket with 2 products and 4 quantity is shown (PASSED : 0s)</div><br/>
<div "result">customer removes firt product from basket (PASSED : 0s)</div><br/>
<div "result">basket with 1 products and 2 quantity is shown (FAILED : 60s)</div><br/>
</div>
</td>
<td><div><pre>java.lang.AssertionError: expected [1] but found [2]
	at selenium_tests.feature_steps.Steps_basket_feature.basket_with_products_and_quantity_is_shown(Steps_basket_feature.java:90)
	at ?.basket with 1 products and 2 quantity is shown(src/test/resources/Features/TestSuite_basket.feature:69)
... Removed 6 stack frames</pre></div><a href='#' onClick='toggleBox("stack-trace673162883", this, "Click to show all stack frames", "Click to hide stack frames")'>Click to show all stack frames</a>
<div class='stack-trace' id='stack-trace673162883'><pre>java.lang.AssertionError: expected [1] but found [2]
	at org.testng.Assert.fail(Assert.java:93)
	at org.testng.Assert.failNotEquals(Assert.java:512)
	at org.testng.Assert.assertEqualsImpl(Assert.java:134)
	at org.testng.Assert.assertEquals(Assert.java:115)
	at org.testng.Assert.assertEquals(Assert.java:388)
	at org.testng.Assert.assertEquals(Assert.java:398)
	at selenium_tests.feature_steps.Steps_basket_feature.basket_with_products_and_quantity_is_shown(Steps_basket_feature.java:90)
	at ?.basket with 1 products and 2 quantity is shown(src/test/resources/Features/TestSuite_basket.feature:69)
</pre></div></td>
<td>79</td>
<td>selenium_tests.Runner@42e26948</td></tr>
</table><p>
<table width='100%' border='1' class='invocation-passed'>
<tr><td colspan='4' align='center'><b>PASSED TESTS</b></td></tr>
<tr><td><b>Test method</b></td>
<td width="30%"><b>Exception</b></td>
<td width="10%"><b>Time (seconds)</b></td>
<td><b>Instance</b></td>
</tr>
<tr>
<td title='selenium_tests.Runner.run_scenario()'><b>run_scenario</b><br>Test class: selenium_tests.Runner<br>Test method: Runs Cucumber Scenarios<br>Parameters: "Customer views empty basket", "Basket"<br/>
<a href="#Output-1498796615" onClick='toggleBox("Output-1498796615", this, "Show output", "Hide output");'>Show output</a>

<a href="#Output-1498796615" onClick="toggleAllBoxes();">Show all outputs</a>
<div class='log' id="Output-1498796615">
<div "result">customer is on homepage (PASSED : 6s)</div><br/>
<div "result">customer views basket (PASSED : 4s)</div><br/>
<div "result">empty basket is shown (PASSED : 0s)</div><br/>
</div>
</td>
<td></td>
<td>11</td>
<td>selenium_tests.Runner@42e26948</td></tr>
<tr>
<td title='selenium_tests.Runner.run_scenario()'><b>run_scenario</b><br>Test class: selenium_tests.Runner<br>Test method: Runs Cucumber Scenarios<br>Parameters: "Customer views basket with x1 products, totalling x1 quantity", "Basket"<br/>
<a href="#Output-939446926" onClick='toggleBox("Output-939446926", this, "Show output", "Hide output");'>Show output</a>

<a href="#Output-939446926" onClick="toggleAllBoxes();">Show all outputs</a>
<div class='log' id="Output-939446926">
<div "result">customer is on product page : XBOX (PASSED : 15s)</div><br/>
<div "result">adds product to basket (PASSED : 2s)</div><br/>
<div "result">customer views basket (PASSED : 3s)</div><br/>
<div "result">basket with 1 products and 1 quantity is shown (PASSED : 0s)</div><br/>
</div>
</td>
<td></td>
<td>22</td>
<td>selenium_tests.Runner@42e26948</td></tr>
<tr>
<td title='selenium_tests.Runner.run_scenario()'><b>run_scenario</b><br>Test class: selenium_tests.Runner<br>Test method: Runs Cucumber Scenarios<br>Parameters: "Customer views basket with x1 products, totalling x1 quantity", "Basket"<br/>
<a href="#Output-727352439" onClick='toggleBox("Output-727352439", this, "Show output", "Hide output");'>Show output</a>

<a href="#Output-727352439" onClick="toggleAllBoxes();">Show all outputs</a>
<div class='log' id="Output-727352439">
<div "result">customer is on product page : COOKERS (PASSED : 11s)</div><br/>
<div "result">adds product to basket (PASSED : 1s)</div><br/>
<div "result">customer views basket (PASSED : 4s)</div><br/>
<div "result">basket with 1 products and 1 quantity is shown (PASSED : 0s)</div><br/>
</div>
</td>
<td></td>
<td>18</td>
<td>selenium_tests.Runner@42e26948</td></tr>
<tr>
<td title='selenium_tests.Runner.run_scenario()'><b>run_scenario</b><br>Test class: selenium_tests.Runner<br>Test method: Runs Cucumber Scenarios<br>Parameters: "Customer views basket with x1 products, totalling x1 quantity", "Basket"<br/>
<a href="#Output-1495093898" onClick='toggleBox("Output-1495093898", this, "Show output", "Hide output");'>Show output</a>

<a href="#Output-1495093898" onClick="toggleAllBoxes();">Show all outputs</a>
<div class='log' id="Output-1495093898">
<div "result">customer is on product page : PUSHCHAIR (PASSED : 11s)</div><br/>
<div "result">adds product to basket (PASSED : 1s)</div><br/>
<div "result">customer views basket (PASSED : 4s)</div><br/>
<div "result">basket with 1 products and 1 quantity is shown (PASSED : 0s)</div><br/>
</div>
</td>
<td></td>
<td>18</td>
<td>selenium_tests.Runner@42e26948</td></tr>
<tr>
<td title='selenium_tests.Runner.run_scenario()'><b>run_scenario</b><br>Test class: selenium_tests.Runner<br>Test method: Runs Cucumber Scenarios<br>Parameters: "Customer views basket with x1 products, totalling x1 quantity", "Basket"<br/>
<a href="#Output-1692461947" onClick='toggleBox("Output-1692461947", this, "Show output", "Hide output");'>Show output</a>

<a href="#Output-1692461947" onClick="toggleAllBoxes();">Show all outputs</a>
<div class='log' id="Output-1692461947">
<div "result">customer is on product page : SPIDERMAN (PASSED : 10s)</div><br/>
<div "result">adds product to basket (PASSED : 2s)</div><br/>
<div "result">customer views basket (PASSED : 3s)</div><br/>
<div "result">basket with 1 products and 1 quantity is shown (PASSED : 0s)</div><br/>
</div>
</td>
<td></td>
<td>16</td>
<td>selenium_tests.Runner@42e26948</td></tr>
<tr>
<td title='selenium_tests.Runner.run_scenario()'><b>run_scenario</b><br>Test class: selenium_tests.Runner<br>Test method: Runs Cucumber Scenarios<br>Parameters: "Customer views basket with x1 products, totalling x1 quantity", "Basket"<br/>
<a href="#Output-1090371339" onClick='toggleBox("Output-1090371339", this, "Show output", "Hide output");'>Show output</a>

<a href="#Output-1090371339" onClick="toggleAllBoxes();">Show all outputs</a>
<div class='log' id="Output-1090371339">
<div "result">customer is on product page : WEIGHTS (PASSED : 9s)</div><br/>
<div "result">adds product to basket (PASSED : 1s)</div><br/>
<div "result">customer views basket (PASSED : 3s)</div><br/>
<div "result">basket with 1 products and 1 quantity is shown (PASSED : 0s)</div><br/>
</div>
</td>
<td></td>
<td>15</td>
<td>selenium_tests.Runner@42e26948</td></tr>
<tr>
<td title='selenium_tests.Runner.run_scenario()'><b>run_scenario</b><br>Test class: selenium_tests.Runner<br>Test method: Runs Cucumber Scenarios<br>Parameters: "Customer views basket with x2 products, totalling x2 quantity", "Basket"<br/>
<a href="#Output-369035260" onClick='toggleBox("Output-369035260", this, "Show output", "Hide output");'>Show output</a>

<a href="#Output-369035260" onClick="toggleAllBoxes();">Show all outputs</a>
<div class='log' id="Output-369035260">
<div "result">customer is on homepage (PASSED : 2s)</div><br/>
<div "result">customer searches by product: PUSHCHAIR using search feature (PASSED : 3s)</div><br/>
<div "result">adds first product to basket x1 quantity (PASSED : 1s)</div><br/>
<div "result">adds second product to basket x1 quantity (PASSED : 1s)</div><br/>
<div "result">customer views basket (PASSED : 3s)</div><br/>
<div "result">basket with 2 products and 2 quantity is shown (PASSED : 0s)</div><br/>
</div>
</td>
<td></td>
<td>13</td>
<td>selenium_tests.Runner@42e26948</td></tr>
<tr>
<td title='selenium_tests.Runner.run_scenario()'><b>run_scenario</b><br>Test class: selenium_tests.Runner<br>Test method: Runs Cucumber Scenarios<br>Parameters: "Customer views basket with x2 products, totalling x2 quantity", "Basket"<br/>
<a href="#Output-1130452941" onClick='toggleBox("Output-1130452941", this, "Show output", "Hide output");'>Show output</a>

<a href="#Output-1130452941" onClick="toggleAllBoxes();">Show all outputs</a>
<div class='log' id="Output-1130452941">
<div "result">customer is on homepage (PASSED : 3s)</div><br/>
<div "result">customer searches by product: SPIDERMAN using search feature (PASSED : 3s)</div><br/>
<div "result">adds first product to basket x1 quantity (PASSED : 1s)</div><br/>
<div "result">adds second product to basket x1 quantity (PASSED : 1s)</div><br/>
<div "result">customer views basket (PASSED : 8s)</div><br/>
<div "result">basket with 2 products and 2 quantity is shown (PASSED : 0s)</div><br/>
</div>
</td>
<td></td>
<td>18</td>
<td>selenium_tests.Runner@42e26948</td></tr>
<tr>
<td title='selenium_tests.Runner.run_scenario()'><b>run_scenario</b><br>Test class: selenium_tests.Runner<br>Test method: Runs Cucumber Scenarios<br>Parameters: "Customer views basket with x2 products, totalling x2 quantity", "Basket"<br/>
<a href="#Output-1450956717" onClick='toggleBox("Output-1450956717", this, "Show output", "Hide output");'>Show output</a>

<a href="#Output-1450956717" onClick="toggleAllBoxes();">Show all outputs</a>
<div class='log' id="Output-1450956717">
<div "result">customer is on homepage (PASSED : 3s)</div><br/>
<div "result">customer searches by product: FOOTBALL using search feature (PASSED : 3s)</div><br/>
<div "result">adds first product to basket x1 quantity (PASSED : 1s)</div><br/>
<div "result">adds second product to basket x1 quantity (PASSED : 1s)</div><br/>
<div "result">customer views basket (PASSED : 3s)</div><br/>
<div "result">basket with 2 products and 2 quantity is shown (PASSED : 0s)</div><br/>
</div>
</td>
<td></td>
<td>14</td>
<td>selenium_tests.Runner@42e26948</td></tr>
<tr>
<td title='selenium_tests.Runner.run_scenario()'><b>run_scenario</b><br>Test class: selenium_tests.Runner<br>Test method: Runs Cucumber Scenarios<br>Parameters: "Customer able to see all key features on homepage", "Homepage"<br/>
<a href="#Output-1442897643" onClick='toggleBox("Output-1442897643", this, "Show output", "Hide output");'>Show output</a>

<a href="#Output-1442897643" onClick="toggleAllBoxes();">Show all outputs</a>
<div class='log' id="Output-1442897643">
<div "result">customer is on homepage (PASSED : 2s)</div><br/>
<div "result">all key homepage elements are shown (PASSED : 0s)</div><br/>
</div>
</td>
<td></td>
<td>2</td>
<td>selenium_tests.Runner@42e26948</td></tr>
</table><p>
<table width='100%' border='1' class='invocation-skipped'>
<tr><td colspan='4' align='center'><b>SKIPPED TESTS</b></td></tr>
<tr><td><b>Test method</b></td>
<td width="30%"><b>Exception</b></td>
<td width="10%"><b>Time (seconds)</b></td>
<td><b>Instance</b></td>
</tr>
<tr>
<td title='selenium_tests.Runner.run_scenario()'><b>run_scenario</b><br>Test class: selenium_tests.Runner<br>Test method: Runs Cucumber Scenarios<br>Parameters: "Customer views basket with x1 products, totalling x1 quantity", "Basket"<br/>
<a href="#Output-475310121" onClick='toggleBox("Output-475310121", this, "Show output", "Hide output");'>Show output</a>

<a href="#Output-475310121" onClick="toggleAllBoxes();">Show all outputs</a>
<div class='log' id="Output-475310121">
<div "result">customer is on product page : FOOTBALL (PASSED : 9s)</div><br/>
<div "result">adds product to basket (FAILED : 61s)</div><br/>
<div "result">customer views basket (SKIPPED)</div><br/>
<div "result">basket with 1 products and 1 quantity is shown (SKIPPED)</div><br/>
</div>
</td>
<td><div><pre>org.openqa.selenium.TimeoutException: Expected condition failed: waiting for presence of element located by: By.xpath: //button[@class=&quot;button button--full button--secondary&quot;] (tried for 60 second(s) with 500 milliseconds interval)
	at org.openqa.selenium.support.ui.WebDriverWait.timeoutException(WebDriverWait.java:81)
	at org.openqa.selenium.support.ui.FluentWait.until(FluentWait.java:271)
	at selenium_tests.Webdriver_builder$Enhanced_selenium_methods.wait_until_present(Webdriver_builder.java:491)
	at selenium_tests.Webdriver_builder$Enhanced_selenium_methods.focus_on(Webdriver_builder.java:707)
	at selenium_tests.Webdriver_builder$Enhanced_selenium_methods.click(Webdriver_builder.java:390)
	at selenium_tests.page_object_model.POM_popupBasket.checkContinueShopping(POM_popupBasket.java:17)
	at selenium_tests.page_object_model.POM_productPage.adds_product_to_basket_via_productPage(POM_productPage.java:55)
	at selenium_tests.feature_steps.Steps_basket_feature.adds_product_to_basket(Steps_basket_feature.java:25)
	at ?.adds product to basket(src/test/resources/Features/TestSuite_basket.feature:14)
Caused by: org.openqa.selenium.NoSuchElementException: Cannot locate an element using By.xpath: //button[@class=&quot;button button--full button--secondary&quot;]
For documentation on this error, please visit: http://seleniumhq.org/exceptions/no_such_element.html
Build info: version: &apos;3.12.0&apos;, revision: &apos;7c6e0b3&apos;, time: &apos;2018-05-08T14:04:26.12Z&apos;
System info: host: &apos;DESKTOP-KQS99BN&apos;, ip: &apos;192.168.0.17&apos;, os.name: &apos;Windows 10&apos;, os.arch: &apos;amd64&apos;, os.version: &apos;10.0&apos;, java.version: &apos;1.8.0_161&apos;
Driver info: driver.version: unknown
	at org.openqa.selenium.support.ui.ExpectedConditions.lambda$findElement$0(ExpectedConditions.java:896)
	at java.util.Optional.orElseThrow(Optional.java:290)
	at org.openqa.selenium.support.ui.ExpectedConditions.findElement(ExpectedConditions.java:895)
	at org.openqa.selenium.support.ui.ExpectedConditions.access$000(ExpectedConditions.java:44)
	at org.openqa.selenium.support.ui.ExpectedConditions$6.apply(ExpectedConditions.java:183)
	at org.openqa.selenium.support.ui.ExpectedConditions$6.apply(ExpectedConditions.java:180)
	at org.openqa.selenium.support.ui.FluentWait.until(FluentWait.java:248)
	at selenium_tests.Webdriver_builder$Enhanced_selenium_methods.wait_until_present(Webdriver_builder.java:491)
	at selenium_tests.Webdriver_builder$Enhanced_selenium_methods.focus_on(Webdriver_builder.java:707)
	at selenium_tests.Webdriver_builder$Enhanced_selenium_methods.click(Webdriver_builder.java:390)
	at selenium_tests.page_object_model.POM_popupBasket.checkContinueShopping(POM_popupBasket.java:17)
	at selenium_tests.page_object_model.POM_productPage.adds_product_to_basket_via_productPage(POM_productPage.java:55)
	at selenium_tests.feature_steps.Steps_basket_feature.adds_product_to_basket(Steps_basket_feature.java:25)
	at cucumber.runtime.Utils$1.call(Utils.java:26)
	at cucumber.runtime.Timeout.timeout(Timeout.java:16)
	at cucumber.runtime.Utils.invoke(Utils.java:20)
	at cucumber.runtime.java.JavaStepDefinition.execute(JavaStepDefinition.java:48)
	at cucumber.runtime.PickleStepDefinitionMatch.runStep(PickleStepDefinitionMatch.java:50)
	at cucumber.runner.TestStep.executeStep(TestStep.java:55)
	at cucumber.runner.TestStep.run(TestStep.java:42)
	at cucumber.runner.PickleStepTestStep.run(PickleStepTestStep.java:53)
	at cucumber.runner.TestCase.run(TestCase.java:47)
	at cucumber.runner.Runner.runPickle(Runner.java:44)
	at cucumber.api.testng.TestNGCucumberRunner.runScenario(TestNGCucumberRunner.java:56)
	at selenium_tests.Runner.run_scenario(Runner.java:138)
	at java.util.concurrent.FutureTask.run(FutureTask.java:266)
	at java.util.concurrent.ThreadPoolExecutor.runWorker(ThreadPoolExecutor.java:1149)
	at java.util.concurrent.ThreadPoolExecutor$Worker.run(ThreadPoolExecutor.java:624)
	at java.lang.Thread.run(Thread.java:748)
... Removed 20 stack frames</pre></div><a href='#' onClick='toggleBox("stack-trace475310121", this, "Click to show all stack frames", "Click to hide stack frames")'>Click to show all stack frames</a>
<div class='stack-trace' id='stack-trace475310121'><pre>org.openqa.selenium.TimeoutException: Expected condition failed: waiting for presence of element located by: By.xpath: //button[@class=&quot;button button--full button--secondary&quot;] (tried for 60 second(s) with 500 milliseconds interval)
	at org.openqa.selenium.support.ui.WebDriverWait.timeoutException(WebDriverWait.java:81)
	at org.openqa.selenium.support.ui.FluentWait.until(FluentWait.java:271)
	at selenium_tests.Webdriver_builder$Enhanced_selenium_methods.wait_until_present(Webdriver_builder.java:491)
	at selenium_tests.Webdriver_builder$Enhanced_selenium_methods.focus_on(Webdriver_builder.java:707)
	at selenium_tests.Webdriver_builder$Enhanced_selenium_methods.click(Webdriver_builder.java:390)
	at selenium_tests.page_object_model.POM_popupBasket.checkContinueShopping(POM_popupBasket.java:17)
	at selenium_tests.page_object_model.POM_productPage.adds_product_to_basket_via_productPage(POM_productPage.java:55)
	at selenium_tests.feature_steps.Steps_basket_feature.adds_product_to_basket(Steps_basket_feature.java:25)
	at ?.adds product to basket(src/test/resources/Features/TestSuite_basket.feature:14)
Caused by: org.openqa.selenium.NoSuchElementException: Cannot locate an element using By.xpath: //button[@class=&quot;button button--full button--secondary&quot;]
For documentation on this error, please visit: http://seleniumhq.org/exceptions/no_such_element.html
Build info: version: &apos;3.12.0&apos;, revision: &apos;7c6e0b3&apos;, time: &apos;2018-05-08T14:04:26.12Z&apos;
System info: host: &apos;DESKTOP-KQS99BN&apos;, ip: &apos;192.168.0.17&apos;, os.name: &apos;Windows 10&apos;, os.arch: &apos;amd64&apos;, os.version: &apos;10.0&apos;, java.version: &apos;1.8.0_161&apos;
Driver info: driver.version: unknown
	at org.openqa.selenium.support.ui.ExpectedConditions.lambda$findElement$0(ExpectedConditions.java:896)
	at java.util.Optional.orElseThrow(Optional.java:290)
	at org.openqa.selenium.support.ui.ExpectedConditions.findElement(ExpectedConditions.java:895)
	at org.openqa.selenium.support.ui.ExpectedConditions.access$000(ExpectedConditions.java:44)
	at org.openqa.selenium.support.ui.ExpectedConditions$6.apply(ExpectedConditions.java:183)
	at org.openqa.selenium.support.ui.ExpectedConditions$6.apply(ExpectedConditions.java:180)
	at org.openqa.selenium.support.ui.FluentWait.until(FluentWait.java:248)
	at selenium_tests.Webdriver_builder$Enhanced_selenium_methods.wait_until_present(Webdriver_builder.java:491)
	at selenium_tests.Webdriver_builder$Enhanced_selenium_methods.focus_on(Webdriver_builder.java:707)
	at selenium_tests.Webdriver_builder$Enhanced_selenium_methods.click(Webdriver_builder.java:390)
	at selenium_tests.page_object_model.POM_popupBasket.checkContinueShopping(POM_popupBasket.java:17)
	at selenium_tests.page_object_model.POM_productPage.adds_product_to_basket_via_productPage(POM_productPage.java:55)
	at selenium_tests.feature_steps.Steps_basket_feature.adds_product_to_basket(Steps_basket_feature.java:25)
	at sun.reflect.NativeMethodAccessorImpl.invoke0(Native Method)
	at sun.reflect.NativeMethodAccessorImpl.invoke(NativeMethodAccessorImpl.java:62)
	at sun.reflect.DelegatingMethodAccessorImpl.invoke(DelegatingMethodAccessorImpl.java:43)
	at java.lang.reflect.Method.invoke(Method.java:498)
	at cucumber.runtime.Utils$1.call(Utils.java:26)
	at cucumber.runtime.Timeout.timeout(Timeout.java:16)
	at cucumber.runtime.Utils.invoke(Utils.java:20)
	at cucumber.runtime.java.JavaStepDefinition.execute(JavaStepDefinition.java:48)
	at cucumber.runtime.PickleStepDefinitionMatch.runStep(PickleStepDefinitionMatch.java:50)
	at cucumber.runner.TestStep.executeStep(TestStep.java:55)
	at cucumber.runner.TestStep.run(TestStep.java:42)
	at cucumber.runner.PickleStepTestStep.run(PickleStepTestStep.java:53)
	at cucumber.runner.TestCase.run(TestCase.java:47)
	at cucumber.runner.Runner.runPickle(Runner.java:44)
	at cucumber.api.testng.TestNGCucumberRunner.runScenario(TestNGCucumberRunner.java:56)
	at selenium_tests.Runner.run_scenario(Runner.java:138)
	at sun.reflect.NativeMethodAccessorImpl.invoke0(Native Method)
	at sun.reflect.NativeMethodAccessorImpl.invoke(NativeMethodAccessorImpl.java:62)
	at sun.reflect.DelegatingMethodAccessorImpl.invoke(DelegatingMethodAccessorImpl.java:43)
	at java.lang.reflect.Method.invoke(Method.java:498)
	at org.testng.internal.MethodInvocationHelper.invokeMethod(MethodInvocationHelper.java:108)
	at org.testng.internal.Invoker.invokeMethod(Invoker.java:661)
	at org.testng.internal.Invoker.invokeTestMethod(Invoker.java:869)
	at org.testng.internal.Invoker.invokeTestMethods(Invoker.java:1193)
	at org.testng.internal.TestMethodWorker.invokeTestMethods(TestMethodWorker.java:126)
	at org.testng.internal.TestMethodWorker.run(TestMethodWorker.java:109)
	at org.testng.TestRunner.privateRun(TestRunner.java:744)
	at org.testng.TestRunner.run(TestRunner.java:602)
	at org.testng.SuiteRunner.runTest(SuiteRunner.java:380)
	at org.testng.SuiteRunner.access$000(SuiteRunner.java:39)
	at org.testng.SuiteRunner$SuiteWorker.run(SuiteRunner.java:414)
	at org.testng.internal.thread.ThreadUtil$1.call(ThreadUtil.java:52)
	at java.util.concurrent.FutureTask.run(FutureTask.java:266)
	at java.util.concurrent.ThreadPoolExecutor.runWorker(ThreadPoolExecutor.java:1149)
	at java.util.concurrent.ThreadPoolExecutor$Worker.run(ThreadPoolExecutor.java:624)
	at java.lang.Thread.run(Thread.java:748)
</pre></div></td>
<td>71</td>
<td>selenium_tests.Runner@42e26948</td></tr>
<tr>
<td title='selenium_tests.Runner.run_scenario()'><b>run_scenario</b><br>Test class: selenium_tests.Runner<br>Test method: Runs Cucumber Scenarios<br>Parameters: "Customer views basket with x1 products, totalling x1 quantity", "Basket"<br/>
<a href="#Output-522362155" onClick='toggleBox("Output-522362155", this, "Show output", "Hide output");'>Show output</a>

<a href="#Output-522362155" onClick="toggleAllBoxes();">Show all outputs</a>
<div class='log' id="Output-522362155">
<div "result">customer is on product page : JEANS (PASSED : 8s)</div><br/>
<div "result">adds product to basket (FAILED : 60s)</div><br/>
<div "result">customer views basket (SKIPPED)</div><br/>
<div "result">basket with 1 products and 1 quantity is shown (SKIPPED)</div><br/>
</div>
</td>
<td><div><pre>org.openqa.selenium.TimeoutException: Expected condition failed: waiting for presence of element located by: By.xpath: //button[@class=&quot; add-to-trolley-button button button--primary button--full&quot;] (tried for 60 second(s) with 500 milliseconds interval)
	at org.openqa.selenium.support.ui.WebDriverWait.timeoutException(WebDriverWait.java:81)
	at org.openqa.selenium.support.ui.FluentWait.until(FluentWait.java:271)
	at selenium_tests.Webdriver_builder$Enhanced_selenium_methods.wait_until_present(Webdriver_builder.java:491)
	at selenium_tests.Webdriver_builder$Enhanced_selenium_methods.focus_on(Webdriver_builder.java:707)
	at selenium_tests.Webdriver_builder$Enhanced_selenium_methods.click(Webdriver_builder.java:390)
	at selenium_tests.page_object_model.POM_productPage.adds_product_to_basket_via_productPage(POM_productPage.java:54)
	at selenium_tests.feature_steps.Steps_basket_feature.adds_product_to_basket(Steps_basket_feature.java:25)
	at ?.adds product to basket(src/test/resources/Features/TestSuite_basket.feature:14)
Caused by: org.openqa.selenium.NoSuchElementException: Cannot locate an element using By.xpath: //button[@class=&quot; add-to-trolley-button button button--primary button--full&quot;]
For documentation on this error, please visit: http://seleniumhq.org/exceptions/no_such_element.html
Build info: version: &apos;3.12.0&apos;, revision: &apos;7c6e0b3&apos;, time: &apos;2018-05-08T14:04:26.12Z&apos;
System info: host: &apos;DESKTOP-KQS99BN&apos;, ip: &apos;192.168.0.17&apos;, os.name: &apos;Windows 10&apos;, os.arch: &apos;amd64&apos;, os.version: &apos;10.0&apos;, java.version: &apos;1.8.0_161&apos;
Driver info: driver.version: unknown
	at org.openqa.selenium.support.ui.ExpectedConditions.lambda$findElement$0(ExpectedConditions.java:896)
	at java.util.Optional.orElseThrow(Optional.java:290)
	at org.openqa.selenium.support.ui.ExpectedConditions.findElement(ExpectedConditions.java:895)
	at org.openqa.selenium.support.ui.ExpectedConditions.access$000(ExpectedConditions.java:44)
	at org.openqa.selenium.support.ui.ExpectedConditions$6.apply(ExpectedConditions.java:183)
	at org.openqa.selenium.support.ui.ExpectedConditions$6.apply(ExpectedConditions.java:180)
	at org.openqa.selenium.support.ui.FluentWait.until(FluentWait.java:248)
	at selenium_tests.Webdriver_builder$Enhanced_selenium_methods.wait_until_present(Webdriver_builder.java:491)
	at selenium_tests.Webdriver_builder$Enhanced_selenium_methods.focus_on(Webdriver_builder.java:707)
	at selenium_tests.Webdriver_builder$Enhanced_selenium_methods.click(Webdriver_builder.java:390)
	at selenium_tests.page_object_model.POM_productPage.adds_product_to_basket_via_productPage(POM_productPage.java:54)
	at selenium_tests.feature_steps.Steps_basket_feature.adds_product_to_basket(Steps_basket_feature.java:25)
	at cucumber.runtime.Utils$1.call(Utils.java:26)
	at cucumber.runtime.Timeout.timeout(Timeout.java:16)
	at cucumber.runtime.Utils.invoke(Utils.java:20)
	at cucumber.runtime.java.JavaStepDefinition.execute(JavaStepDefinition.java:48)
	at cucumber.runtime.PickleStepDefinitionMatch.runStep(PickleStepDefinitionMatch.java:50)
	at cucumber.runner.TestStep.executeStep(TestStep.java:55)
	at cucumber.runner.TestStep.run(TestStep.java:42)
	at cucumber.runner.PickleStepTestStep.run(PickleStepTestStep.java:53)
	at cucumber.runner.TestCase.run(TestCase.java:47)
	at cucumber.runner.Runner.runPickle(Runner.java:44)
	at cucumber.api.testng.TestNGCucumberRunner.runScenario(TestNGCucumberRunner.java:56)
	at selenium_tests.Runner.run_scenario(Runner.java:138)
	at java.util.concurrent.FutureTask.run(FutureTask.java:266)
	at java.util.concurrent.ThreadPoolExecutor.runWorker(ThreadPoolExecutor.java:1149)
	at java.util.concurrent.ThreadPoolExecutor$Worker.run(ThreadPoolExecutor.java:624)
	at java.lang.Thread.run(Thread.java:748)
... Removed 19 stack frames</pre></div><a href='#' onClick='toggleBox("stack-trace522362155", this, "Click to show all stack frames", "Click to hide stack frames")'>Click to show all stack frames</a>
<div class='stack-trace' id='stack-trace522362155'><pre>org.openqa.selenium.TimeoutException: Expected condition failed: waiting for presence of element located by: By.xpath: //button[@class=&quot; add-to-trolley-button button button--primary button--full&quot;] (tried for 60 second(s) with 500 milliseconds interval)
	at org.openqa.selenium.support.ui.WebDriverWait.timeoutException(WebDriverWait.java:81)
	at org.openqa.selenium.support.ui.FluentWait.until(FluentWait.java:271)
	at selenium_tests.Webdriver_builder$Enhanced_selenium_methods.wait_until_present(Webdriver_builder.java:491)
	at selenium_tests.Webdriver_builder$Enhanced_selenium_methods.focus_on(Webdriver_builder.java:707)
	at selenium_tests.Webdriver_builder$Enhanced_selenium_methods.click(Webdriver_builder.java:390)
	at selenium_tests.page_object_model.POM_productPage.adds_product_to_basket_via_productPage(POM_productPage.java:54)
	at selenium_tests.feature_steps.Steps_basket_feature.adds_product_to_basket(Steps_basket_feature.java:25)
	at ?.adds product to basket(src/test/resources/Features/TestSuite_basket.feature:14)
Caused by: org.openqa.selenium.NoSuchElementException: Cannot locate an element using By.xpath: //button[@class=&quot; add-to-trolley-button button button--primary button--full&quot;]
For documentation on this error, please visit: http://seleniumhq.org/exceptions/no_such_element.html
Build info: version: &apos;3.12.0&apos;, revision: &apos;7c6e0b3&apos;, time: &apos;2018-05-08T14:04:26.12Z&apos;
System info: host: &apos;DESKTOP-KQS99BN&apos;, ip: &apos;192.168.0.17&apos;, os.name: &apos;Windows 10&apos;, os.arch: &apos;amd64&apos;, os.version: &apos;10.0&apos;, java.version: &apos;1.8.0_161&apos;
Driver info: driver.version: unknown
	at org.openqa.selenium.support.ui.ExpectedConditions.lambda$findElement$0(ExpectedConditions.java:896)
	at java.util.Optional.orElseThrow(Optional.java:290)
	at org.openqa.selenium.support.ui.ExpectedConditions.findElement(ExpectedConditions.java:895)
	at org.openqa.selenium.support.ui.ExpectedConditions.access$000(ExpectedConditions.java:44)
	at org.openqa.selenium.support.ui.ExpectedConditions$6.apply(ExpectedConditions.java:183)
	at org.openqa.selenium.support.ui.ExpectedConditions$6.apply(ExpectedConditions.java:180)
	at org.openqa.selenium.support.ui.FluentWait.until(FluentWait.java:248)
	at selenium_tests.Webdriver_builder$Enhanced_selenium_methods.wait_until_present(Webdriver_builder.java:491)
	at selenium_tests.Webdriver_builder$Enhanced_selenium_methods.focus_on(Webdriver_builder.java:707)
	at selenium_tests.Webdriver_builder$Enhanced_selenium_methods.click(Webdriver_builder.java:390)
	at selenium_tests.page_object_model.POM_productPage.adds_product_to_basket_via_productPage(POM_productPage.java:54)
	at selenium_tests.feature_steps.Steps_basket_feature.adds_product_to_basket(Steps_basket_feature.java:25)
	at sun.reflect.NativeMethodAccessorImpl.invoke0(Native Method)
	at sun.reflect.NativeMethodAccessorImpl.invoke(NativeMethodAccessorImpl.java:62)
	at sun.reflect.DelegatingMethodAccessorImpl.invoke(DelegatingMethodAccessorImpl.java:43)
	at java.lang.reflect.Method.invoke(Method.java:498)
	at cucumber.runtime.Utils$1.call(Utils.java:26)
	at cucumber.runtime.Timeout.timeout(Timeout.java:16)
	at cucumber.runtime.Utils.invoke(Utils.java:20)
	at cucumber.runtime.java.JavaStepDefinition.execute(JavaStepDefinition.java:48)
	at cucumber.runtime.PickleStepDefinitionMatch.runStep(PickleStepDefinitionMatch.java:50)
	at cucumber.runner.TestStep.executeStep(TestStep.java:55)
	at cucumber.runner.TestStep.run(TestStep.java:42)
	at cucumber.runner.PickleStepTestStep.run(PickleStepTestStep.java:53)
	at cucumber.runner.TestCase.run(TestCase.java:47)
	at cucumber.runner.Runner.runPickle(Runner.java:44)
	at cucumber.api.testng.TestNGCucumberRunner.runScenario(TestNGCucumberRunner.java:56)
	at selenium_tests.Runner.run_scenario(Runner.java:138)
	at sun.reflect.GeneratedMethodAccessor63.invoke(Unknown Source)
	at sun.reflect.DelegatingMethodAccessorImpl.invoke(DelegatingMethodAccessorImpl.java:43)
	at java.lang.reflect.Method.invoke(Method.java:498)
	at org.testng.internal.MethodInvocationHelper.invokeMethod(MethodInvocationHelper.java:108)
	at org.testng.internal.Invoker.invokeMethod(Invoker.java:661)
	at org.testng.internal.Invoker.invokeTestMethod(Invoker.java:869)
	at org.testng.internal.Invoker.invokeTestMethods(Invoker.java:1193)
	at org.testng.internal.TestMethodWorker.invokeTestMethods(TestMethodWorker.java:126)
	at org.testng.internal.TestMethodWorker.run(TestMethodWorker.java:109)
	at org.testng.TestRunner.privateRun(TestRunner.java:744)
	at org.testng.TestRunner.run(TestRunner.java:602)
	at org.testng.SuiteRunner.runTest(SuiteRunner.java:380)
	at org.testng.SuiteRunner.access$000(SuiteRunner.java:39)
	at org.testng.SuiteRunner$SuiteWorker.run(SuiteRunner.java:414)
	at org.testng.internal.thread.ThreadUtil$1.call(ThreadUtil.java:52)
	at java.util.concurrent.FutureTask.run(FutureTask.java:266)
	at java.util.concurrent.ThreadPoolExecutor.runWorker(ThreadPoolExecutor.java:1149)
	at java.util.concurrent.ThreadPoolExecutor$Worker.run(ThreadPoolExecutor.java:624)
	at java.lang.Thread.run(Thread.java:748)
</pre></div></td>
<td>68</td>
<td>selenium_tests.Runner@42e26948</td></tr>
<tr>
<td title='selenium_tests.Runner.run_scenario()'><b>run_scenario</b><br>Test class: selenium_tests.Runner<br>Test method: Runs Cucumber Scenarios<br>Parameters: "Customer views basket with x1 products, totalling x1 quantity", "Basket"<br/>
<a href="#Output-423095351" onClick='toggleBox("Output-423095351", this, "Show output", "Hide output");'>Show output</a>

<a href="#Output-423095351" onClick="toggleAllBoxes();">Show all outputs</a>
<div class='log' id="Output-423095351">
<div "result">customer is on product page : RING (PASSED : 7s)</div><br/>
<div "result">adds product to basket (PENDING : 0s)</div><br/>
<div "result">customer views basket (SKIPPED)</div><br/>
<div "result">basket with 1 products and 1 quantity is shown (SKIPPED)</div><br/>
</div>
</td>
<td><div><pre>org.testng.SkipException: cucumber.api.PendingException: TODO: implement me
	at selenium_tests.page_object_model.POM_productPage.adds_product_to_basket_via_productPage(POM_productPage.java:58)
	at selenium_tests.feature_steps.Steps_basket_feature.adds_product_to_basket(Steps_basket_feature.java:25)
	at ?.adds product to basket(src/test/resources/Features/TestSuite_basket.feature:14)

	at cucumber.api.testng.TestCaseResultListener.getError(TestCaseResultListener.java:52)
	at cucumber.api.testng.TestNGCucumberRunner.runScenario(TestNGCucumberRunner.java:59)
	at selenium_tests.Runner.run_scenario(Runner.java:138)
	at java.util.concurrent.FutureTask.run(FutureTask.java:266)
	at java.util.concurrent.ThreadPoolExecutor.runWorker(ThreadPoolExecutor.java:1149)
	at java.util.concurrent.ThreadPoolExecutor$Worker.run(ThreadPoolExecutor.java:624)
	at java.lang.Thread.run(Thread.java:748)
Caused by: cucumber.api.PendingException: TODO: implement me
	at selenium_tests.page_object_model.POM_productPage.adds_product_to_basket_via_productPage(POM_productPage.java:58)
	at selenium_tests.feature_steps.Steps_basket_feature.adds_product_to_basket(Steps_basket_feature.java:25)
	at ?.adds product to basket(src/test/resources/Features/TestSuite_basket.feature:14)
... Removed 15 stack frames</pre></div><a href='#' onClick='toggleBox("stack-trace423095351", this, "Click to show all stack frames", "Click to hide stack frames")'>Click to show all stack frames</a>
<div class='stack-trace' id='stack-trace423095351'><pre>org.testng.SkipException: cucumber.api.PendingException: TODO: implement me
	at selenium_tests.page_object_model.POM_productPage.adds_product_to_basket_via_productPage(POM_productPage.java:58)
	at selenium_tests.feature_steps.Steps_basket_feature.adds_product_to_basket(Steps_basket_feature.java:25)
	at ?.adds product to basket(src/test/resources/Features/TestSuite_basket.feature:14)

	at cucumber.api.testng.TestCaseResultListener.getError(TestCaseResultListener.java:52)
	at cucumber.api.testng.TestNGCucumberRunner.runScenario(TestNGCucumberRunner.java:59)
	at selenium_tests.Runner.run_scenario(Runner.java:138)
	at sun.reflect.GeneratedMethodAccessor63.invoke(Unknown Source)
	at sun.reflect.DelegatingMethodAccessorImpl.invoke(DelegatingMethodAccessorImpl.java:43)
	at java.lang.reflect.Method.invoke(Method.java:498)
	at org.testng.internal.MethodInvocationHelper.invokeMethod(MethodInvocationHelper.java:108)
	at org.testng.internal.Invoker.invokeMethod(Invoker.java:661)
	at org.testng.internal.Invoker.invokeTestMethod(Invoker.java:869)
	at org.testng.internal.Invoker.invokeTestMethods(Invoker.java:1193)
	at org.testng.internal.TestMethodWorker.invokeTestMethods(TestMethodWorker.java:126)
	at org.testng.internal.TestMethodWorker.run(TestMethodWorker.java:109)
	at org.testng.TestRunner.privateRun(TestRunner.java:744)
	at org.testng.TestRunner.run(TestRunner.java:602)
	at org.testng.SuiteRunner.runTest(SuiteRunner.java:380)
	at org.testng.SuiteRunner.access$000(SuiteRunner.java:39)
	at org.testng.SuiteRunner$SuiteWorker.run(SuiteRunner.java:414)
	at org.testng.internal.thread.ThreadUtil$1.call(ThreadUtil.java:52)
	at java.util.concurrent.FutureTask.run(FutureTask.java:266)
	at java.util.concurrent.ThreadPoolExecutor.runWorker(ThreadPoolExecutor.java:1149)
	at java.util.concurrent.ThreadPoolExecutor$Worker.run(ThreadPoolExecutor.java:624)
	at java.lang.Thread.run(Thread.java:748)
Caused by: cucumber.api.PendingException: TODO: implement me
	at selenium_tests.page_object_model.POM_productPage.adds_product_to_basket_via_productPage(POM_productPage.java:58)
	at selenium_tests.feature_steps.Steps_basket_feature.adds_product_to_basket(Steps_basket_feature.java:25)
	at ?.adds product to basket(src/test/resources/Features/TestSuite_basket.feature:14)
</pre></div></td>
<td>8</td>
<td>selenium_tests.Runner@42e26948</td></tr>
<tr>
<td title='selenium_tests.Runner.run_scenario()'><b>run_scenario</b><br>Test class: selenium_tests.Runner<br>Test method: Runs Cucumber Scenarios<br>Parameters: "Customer views basket with x1 products, totalling x2 quantity", "Basket"<br/>
<a href="#Output-114066598" onClick='toggleBox("Output-114066598", this, "Show output", "Hide output");'>Show output</a>

<a href="#Output-114066598" onClick="toggleAllBoxes();">Show all outputs</a>
<div class='log' id="Output-114066598">
<div "result">customer is on product page : FOOTBALL (PASSED : 7s)</div><br/>
<div "result">adds product: FOOTBALL to basket twice (FAILED : 0s)</div><br/>
<div "result">customer views basket (SKIPPED)</div><br/>
<div "result">basket with 1 products and 2 quantity is shown (SKIPPED)</div><br/>
<div "result">customer changes quantity of first product to x10 (SKIPPED)</div><br/>
<div "result">basket with 1 products and 10 quantity is shown (SKIPPED)</div><br/>
</div>
</td>
<td><div><pre>org.openqa.selenium.WebDriverException: unknown error: Element is not clickable at point (1092, -70)
  (Session info: chrome=69.0.3497.100)
  (Driver info: chromedriver=70.0.3538.16 (16ed95b41bb05e565b11fb66ac33c660b721f778),platform=Windows NT 10.0.17134 x86_64) (WARNING: The server did not provide any stacktrace information)
Command duration or timeout: 0 milliseconds
Build info: version: &apos;3.12.0&apos;, revision: &apos;7c6e0b3&apos;, time: &apos;2018-05-08T14:04:26.12Z&apos;
System info: host: &apos;DESKTOP-KQS99BN&apos;, ip: &apos;192.168.0.17&apos;, os.name: &apos;Windows 10&apos;, os.arch: &apos;amd64&apos;, os.version: &apos;10.0&apos;, java.version: &apos;1.8.0_161&apos;
Driver info: org.openqa.selenium.chrome.ChromeDriver
Capabilities {acceptInsecureCerts: true, acceptSslCerts: true, applicationCacheEnabled: false, browserConnectionEnabled: false, browserName: chrome, chrome: {chromedriverVersion: 70.0.3538.16 (16ed95b41bb05..., userDataDir: C:\Users\WORKPE~1\AppData\L...}, cssSelectorsEnabled: true, databaseEnabled: false, goog:chromeOptions: {debuggerAddress: localhost:63886}, handlesAlerts: true, hasTouchScreen: false, javascriptEnabled: true, locationContextEnabled: true, mobileEmulationEnabled: false, nativeEvents: true, networkConnectionEnabled: false, pageLoadStrategy: normal, platform: XP, platformName: XP, rotatable: false, setWindowRect: true, takesHeapSnapshot: true, takesScreenshot: true, unexpectedAlertBehaviour: accept, unhandledPromptBehavior: accept, version: 69.0.3497.100, webStorageEnabled: true}
Session ID: b9284317eb958366e8ed3def43acc816
	at org.openqa.selenium.remote.ErrorHandler.createThrowable(ErrorHandler.java:214)
	at org.openqa.selenium.remote.ErrorHandler.throwIfResponseFailed(ErrorHandler.java:166)
	at org.openqa.selenium.remote.http.JsonHttpResponseCodec.reconstructValue(JsonHttpResponseCodec.java:40)
	at org.openqa.selenium.remote.http.AbstractHttpResponseCodec.decode(AbstractHttpResponseCodec.java:80)
	at org.openqa.selenium.remote.http.AbstractHttpResponseCodec.decode(AbstractHttpResponseCodec.java:44)
	at org.openqa.selenium.remote.HttpCommandExecutor.execute(HttpCommandExecutor.java:158)
	at org.openqa.selenium.remote.service.DriverCommandExecutor.execute(DriverCommandExecutor.java:83)
	at org.openqa.selenium.remote.RemoteWebDriver.execute(RemoteWebDriver.java:543)
	at org.openqa.selenium.remote.RemoteWebElement.execute(RemoteWebElement.java:276)
	at org.openqa.selenium.remote.RemoteWebElement.click(RemoteWebElement.java:83)
	at selenium_tests.Webdriver_builder$Enhanced_selenium_methods.click(Webdriver_builder.java:392)
	at selenium_tests.page_object_model.POM_productPage.adds_product_to_basket_via_productPage(POM_productPage.java:54)
	at selenium_tests.feature_steps.Steps_basket_feature.adds_product_to_basket_twice(Steps_basket_feature.java:32)
	at ?.adds product: FOOTBALL to basket twice(src/test/resources/Features/TestSuite_basket.feature:32)
... Removed 4 stack frames</pre></div><a href='#' onClick='toggleBox("stack-trace114066598", this, "Click to show all stack frames", "Click to hide stack frames")'>Click to show all stack frames</a>
<div class='stack-trace' id='stack-trace114066598'><pre>org.openqa.selenium.WebDriverException: unknown error: Element is not clickable at point (1092, -70)
  (Session info: chrome=69.0.3497.100)
  (Driver info: chromedriver=70.0.3538.16 (16ed95b41bb05e565b11fb66ac33c660b721f778),platform=Windows NT 10.0.17134 x86_64) (WARNING: The server did not provide any stacktrace information)
Command duration or timeout: 0 milliseconds
Build info: version: &apos;3.12.0&apos;, revision: &apos;7c6e0b3&apos;, time: &apos;2018-05-08T14:04:26.12Z&apos;
System info: host: &apos;DESKTOP-KQS99BN&apos;, ip: &apos;192.168.0.17&apos;, os.name: &apos;Windows 10&apos;, os.arch: &apos;amd64&apos;, os.version: &apos;10.0&apos;, java.version: &apos;1.8.0_161&apos;
Driver info: org.openqa.selenium.chrome.ChromeDriver
Capabilities {acceptInsecureCerts: true, acceptSslCerts: true, applicationCacheEnabled: false, browserConnectionEnabled: false, browserName: chrome, chrome: {chromedriverVersion: 70.0.3538.16 (16ed95b41bb05..., userDataDir: C:\Users\WORKPE~1\AppData\L...}, cssSelectorsEnabled: true, databaseEnabled: false, goog:chromeOptions: {debuggerAddress: localhost:63886}, handlesAlerts: true, hasTouchScreen: false, javascriptEnabled: true, locationContextEnabled: true, mobileEmulationEnabled: false, nativeEvents: true, networkConnectionEnabled: false, pageLoadStrategy: normal, platform: XP, platformName: XP, rotatable: false, setWindowRect: true, takesHeapSnapshot: true, takesScreenshot: true, unexpectedAlertBehaviour: accept, unhandledPromptBehavior: accept, version: 69.0.3497.100, webStorageEnabled: true}
Session ID: b9284317eb958366e8ed3def43acc816
	at sun.reflect.NativeConstructorAccessorImpl.newInstance0(Native Method)
	at sun.reflect.NativeConstructorAccessorImpl.newInstance(NativeConstructorAccessorImpl.java:62)
	at sun.reflect.DelegatingConstructorAccessorImpl.newInstance(DelegatingConstructorAccessorImpl.java:45)
	at java.lang.reflect.Constructor.newInstance(Constructor.java:423)
	at org.openqa.selenium.remote.ErrorHandler.createThrowable(ErrorHandler.java:214)
	at org.openqa.selenium.remote.ErrorHandler.throwIfResponseFailed(ErrorHandler.java:166)
	at org.openqa.selenium.remote.http.JsonHttpResponseCodec.reconstructValue(JsonHttpResponseCodec.java:40)
	at org.openqa.selenium.remote.http.AbstractHttpResponseCodec.decode(AbstractHttpResponseCodec.java:80)
	at org.openqa.selenium.remote.http.AbstractHttpResponseCodec.decode(AbstractHttpResponseCodec.java:44)
	at org.openqa.selenium.remote.HttpCommandExecutor.execute(HttpCommandExecutor.java:158)
	at org.openqa.selenium.remote.service.DriverCommandExecutor.execute(DriverCommandExecutor.java:83)
	at org.openqa.selenium.remote.RemoteWebDriver.execute(RemoteWebDriver.java:543)
	at org.openqa.selenium.remote.RemoteWebElement.execute(RemoteWebElement.java:276)
	at org.openqa.selenium.remote.RemoteWebElement.click(RemoteWebElement.java:83)
	at selenium_tests.Webdriver_builder$Enhanced_selenium_methods.click(Webdriver_builder.java:392)
	at selenium_tests.page_object_model.POM_productPage.adds_product_to_basket_via_productPage(POM_productPage.java:54)
	at selenium_tests.feature_steps.Steps_basket_feature.adds_product_to_basket_twice(Steps_basket_feature.java:32)
	at ?.adds product: FOOTBALL to basket twice(src/test/resources/Features/TestSuite_basket.feature:32)
</pre></div></td>
<td>8</td>
<td>selenium_tests.Runner@42e26948</td></tr>
<tr>
<td title='selenium_tests.Runner.run_scenario()'><b>run_scenario</b><br>Test class: selenium_tests.Runner<br>Test method: Runs Cucumber Scenarios<br>Parameters: "Customer views basket with x1 products, totalling x2 quantity", "Basket"<br/>
<a href="#Output-1094770741" onClick='toggleBox("Output-1094770741", this, "Show output", "Hide output");'>Show output</a>

<a href="#Output-1094770741" onClick="toggleAllBoxes();">Show all outputs</a>
<div class='log' id="Output-1094770741">
<div "result">customer is on product page : WEIGHTS (PASSED : 12s)</div><br/>
<div "result">adds product: WEIGHTS to basket twice (FAILED : 0s)</div><br/>
<div "result">customer views basket (SKIPPED)</div><br/>
<div "result">basket with 1 products and 2 quantity is shown (SKIPPED)</div><br/>
<div "result">customer changes quantity of first product to x10 (SKIPPED)</div><br/>
<div "result">basket with 1 products and 10 quantity is shown (SKIPPED)</div><br/>
</div>
</td>
<td><div><pre>org.openqa.selenium.WebDriverException: unknown error: Element is not clickable at point (1092, -881)
  (Session info: chrome=69.0.3497.100)
  (Driver info: chromedriver=70.0.3538.16 (16ed95b41bb05e565b11fb66ac33c660b721f778),platform=Windows NT 10.0.17134 x86_64) (WARNING: The server did not provide any stacktrace information)
Command duration or timeout: 0 milliseconds
Build info: version: &apos;3.12.0&apos;, revision: &apos;7c6e0b3&apos;, time: &apos;2018-05-08T14:04:26.12Z&apos;
System info: host: &apos;DESKTOP-KQS99BN&apos;, ip: &apos;192.168.0.17&apos;, os.name: &apos;Windows 10&apos;, os.arch: &apos;amd64&apos;, os.version: &apos;10.0&apos;, java.version: &apos;1.8.0_161&apos;
Driver info: org.openqa.selenium.chrome.ChromeDriver
Capabilities {acceptInsecureCerts: true, acceptSslCerts: true, applicationCacheEnabled: false, browserConnectionEnabled: false, browserName: chrome, chrome: {chromedriverVersion: 70.0.3538.16 (16ed95b41bb05..., userDataDir: C:\Users\WORKPE~1\AppData\L...}, cssSelectorsEnabled: true, databaseEnabled: false, goog:chromeOptions: {debuggerAddress: localhost:63886}, handlesAlerts: true, hasTouchScreen: false, javascriptEnabled: true, locationContextEnabled: true, mobileEmulationEnabled: false, nativeEvents: true, networkConnectionEnabled: false, pageLoadStrategy: normal, platform: XP, platformName: XP, rotatable: false, setWindowRect: true, takesHeapSnapshot: true, takesScreenshot: true, unexpectedAlertBehaviour: accept, unhandledPromptBehavior: accept, version: 69.0.3497.100, webStorageEnabled: true}
Session ID: b9284317eb958366e8ed3def43acc816
	at org.openqa.selenium.remote.ErrorHandler.createThrowable(ErrorHandler.java:214)
	at org.openqa.selenium.remote.ErrorHandler.throwIfResponseFailed(ErrorHandler.java:166)
	at org.openqa.selenium.remote.http.JsonHttpResponseCodec.reconstructValue(JsonHttpResponseCodec.java:40)
	at org.openqa.selenium.remote.http.AbstractHttpResponseCodec.decode(AbstractHttpResponseCodec.java:80)
	at org.openqa.selenium.remote.http.AbstractHttpResponseCodec.decode(AbstractHttpResponseCodec.java:44)
	at org.openqa.selenium.remote.HttpCommandExecutor.execute(HttpCommandExecutor.java:158)
	at org.openqa.selenium.remote.service.DriverCommandExecutor.execute(DriverCommandExecutor.java:83)
	at org.openqa.selenium.remote.RemoteWebDriver.execute(RemoteWebDriver.java:543)
	at org.openqa.selenium.remote.RemoteWebElement.execute(RemoteWebElement.java:276)
	at org.openqa.selenium.remote.RemoteWebElement.click(RemoteWebElement.java:83)
	at selenium_tests.Webdriver_builder$Enhanced_selenium_methods.click(Webdriver_builder.java:392)
	at selenium_tests.page_object_model.POM_productPage.adds_product_to_basket_via_productPage(POM_productPage.java:54)
	at selenium_tests.feature_steps.Steps_basket_feature.adds_product_to_basket_twice(Steps_basket_feature.java:32)
	at ?.adds product: WEIGHTS to basket twice(src/test/resources/Features/TestSuite_basket.feature:32)
... Removed 4 stack frames</pre></div><a href='#' onClick='toggleBox("stack-trace1094770741", this, "Click to show all stack frames", "Click to hide stack frames")'>Click to show all stack frames</a>
<div class='stack-trace' id='stack-trace1094770741'><pre>org.openqa.selenium.WebDriverException: unknown error: Element is not clickable at point (1092, -881)
  (Session info: chrome=69.0.3497.100)
  (Driver info: chromedriver=70.0.3538.16 (16ed95b41bb05e565b11fb66ac33c660b721f778),platform=Windows NT 10.0.17134 x86_64) (WARNING: The server did not provide any stacktrace information)
Command duration or timeout: 0 milliseconds
Build info: version: &apos;3.12.0&apos;, revision: &apos;7c6e0b3&apos;, time: &apos;2018-05-08T14:04:26.12Z&apos;
System info: host: &apos;DESKTOP-KQS99BN&apos;, ip: &apos;192.168.0.17&apos;, os.name: &apos;Windows 10&apos;, os.arch: &apos;amd64&apos;, os.version: &apos;10.0&apos;, java.version: &apos;1.8.0_161&apos;
Driver info: org.openqa.selenium.chrome.ChromeDriver
Capabilities {acceptInsecureCerts: true, acceptSslCerts: true, applicationCacheEnabled: false, browserConnectionEnabled: false, browserName: chrome, chrome: {chromedriverVersion: 70.0.3538.16 (16ed95b41bb05..., userDataDir: C:\Users\WORKPE~1\AppData\L...}, cssSelectorsEnabled: true, databaseEnabled: false, goog:chromeOptions: {debuggerAddress: localhost:63886}, handlesAlerts: true, hasTouchScreen: false, javascriptEnabled: true, locationContextEnabled: true, mobileEmulationEnabled: false, nativeEvents: true, networkConnectionEnabled: false, pageLoadStrategy: normal, platform: XP, platformName: XP, rotatable: false, setWindowRect: true, takesHeapSnapshot: true, takesScreenshot: true, unexpectedAlertBehaviour: accept, unhandledPromptBehavior: accept, version: 69.0.3497.100, webStorageEnabled: true}
Session ID: b9284317eb958366e8ed3def43acc816
	at sun.reflect.NativeConstructorAccessorImpl.newInstance0(Native Method)
	at sun.reflect.NativeConstructorAccessorImpl.newInstance(NativeConstructorAccessorImpl.java:62)
	at sun.reflect.DelegatingConstructorAccessorImpl.newInstance(DelegatingConstructorAccessorImpl.java:45)
	at java.lang.reflect.Constructor.newInstance(Constructor.java:423)
	at org.openqa.selenium.remote.ErrorHandler.createThrowable(ErrorHandler.java:214)
	at org.openqa.selenium.remote.ErrorHandler.throwIfResponseFailed(ErrorHandler.java:166)
	at org.openqa.selenium.remote.http.JsonHttpResponseCodec.reconstructValue(JsonHttpResponseCodec.java:40)
	at org.openqa.selenium.remote.http.AbstractHttpResponseCodec.decode(AbstractHttpResponseCodec.java:80)
	at org.openqa.selenium.remote.http.AbstractHttpResponseCodec.decode(AbstractHttpResponseCodec.java:44)
	at org.openqa.selenium.remote.HttpCommandExecutor.execute(HttpCommandExecutor.java:158)
	at org.openqa.selenium.remote.service.DriverCommandExecutor.execute(DriverCommandExecutor.java:83)
	at org.openqa.selenium.remote.RemoteWebDriver.execute(RemoteWebDriver.java:543)
	at org.openqa.selenium.remote.RemoteWebElement.execute(RemoteWebElement.java:276)
	at org.openqa.selenium.remote.RemoteWebElement.click(RemoteWebElement.java:83)
	at selenium_tests.Webdriver_builder$Enhanced_selenium_methods.click(Webdriver_builder.java:392)
	at selenium_tests.page_object_model.POM_productPage.adds_product_to_basket_via_productPage(POM_productPage.java:54)
	at selenium_tests.feature_steps.Steps_basket_feature.adds_product_to_basket_twice(Steps_basket_feature.java:32)
	at ?.adds product: WEIGHTS to basket twice(src/test/resources/Features/TestSuite_basket.feature:32)
</pre></div></td>
<td>13</td>
<td>selenium_tests.Runner@42e26948</td></tr>
<tr>
<td title='selenium_tests.Runner.run_scenario()'><b>run_scenario</b><br>Test class: selenium_tests.Runner<br>Test method: Runs Cucumber Scenarios<br>Parameters: "Customer views basket with x1 products, totalling x2 quantity", "Basket"<br/>
<a href="#Output-1628043517" onClick='toggleBox("Output-1628043517", this, "Show output", "Hide output");'>Show output</a>

<a href="#Output-1628043517" onClick="toggleAllBoxes();">Show all outputs</a>
<div class='log' id="Output-1628043517">
<div "result">customer is on product page : JEANS (PASSED : 6s)</div><br/>
<div "result">adds product: JEANS to basket twice (FAILED : 60s)</div><br/>
<div "result">customer views basket (SKIPPED)</div><br/>
<div "result">basket with 1 products and 2 quantity is shown (SKIPPED)</div><br/>
<div "result">customer changes quantity of first product to x10 (SKIPPED)</div><br/>
<div "result">basket with 1 products and 10 quantity is shown (SKIPPED)</div><br/>
</div>
</td>
<td><div><pre>org.openqa.selenium.TimeoutException: Expected condition failed: waiting for presence of element located by: By.xpath: //button[@class=&quot; add-to-trolley-button button button--primary button--full&quot;] (tried for 60 second(s) with 500 milliseconds interval)
	at org.openqa.selenium.support.ui.WebDriverWait.timeoutException(WebDriverWait.java:81)
	at org.openqa.selenium.support.ui.FluentWait.until(FluentWait.java:271)
	at selenium_tests.Webdriver_builder$Enhanced_selenium_methods.wait_until_present(Webdriver_builder.java:491)
	at selenium_tests.Webdriver_builder$Enhanced_selenium_methods.focus_on(Webdriver_builder.java:707)
	at selenium_tests.Webdriver_builder$Enhanced_selenium_methods.click(Webdriver_builder.java:390)
	at selenium_tests.page_object_model.POM_productPage.adds_product_to_basket_via_productPage(POM_productPage.java:54)
	at selenium_tests.feature_steps.Steps_basket_feature.adds_product_to_basket_twice(Steps_basket_feature.java:32)
	at ?.adds product: JEANS to basket twice(src/test/resources/Features/TestSuite_basket.feature:32)
Caused by: org.openqa.selenium.NoSuchElementException: Cannot locate an element using By.xpath: //button[@class=&quot; add-to-trolley-button button button--primary button--full&quot;]
For documentation on this error, please visit: http://seleniumhq.org/exceptions/no_such_element.html
Build info: version: &apos;3.12.0&apos;, revision: &apos;7c6e0b3&apos;, time: &apos;2018-05-08T14:04:26.12Z&apos;
System info: host: &apos;DESKTOP-KQS99BN&apos;, ip: &apos;192.168.0.17&apos;, os.name: &apos;Windows 10&apos;, os.arch: &apos;amd64&apos;, os.version: &apos;10.0&apos;, java.version: &apos;1.8.0_161&apos;
Driver info: driver.version: unknown
	at org.openqa.selenium.support.ui.ExpectedConditions.lambda$findElement$0(ExpectedConditions.java:896)
	at java.util.Optional.orElseThrow(Optional.java:290)
	at org.openqa.selenium.support.ui.ExpectedConditions.findElement(ExpectedConditions.java:895)
	at org.openqa.selenium.support.ui.ExpectedConditions.access$000(ExpectedConditions.java:44)
	at org.openqa.selenium.support.ui.ExpectedConditions$6.apply(ExpectedConditions.java:183)
	at org.openqa.selenium.support.ui.ExpectedConditions$6.apply(ExpectedConditions.java:180)
	at org.openqa.selenium.support.ui.FluentWait.until(FluentWait.java:248)
	at selenium_tests.Webdriver_builder$Enhanced_selenium_methods.wait_until_present(Webdriver_builder.java:491)
	at selenium_tests.Webdriver_builder$Enhanced_selenium_methods.focus_on(Webdriver_builder.java:707)
	at selenium_tests.Webdriver_builder$Enhanced_selenium_methods.click(Webdriver_builder.java:390)
	at selenium_tests.page_object_model.POM_productPage.adds_product_to_basket_via_productPage(POM_productPage.java:54)
	at selenium_tests.feature_steps.Steps_basket_feature.adds_product_to_basket_twice(Steps_basket_feature.java:32)
	at cucumber.runtime.Utils$1.call(Utils.java:26)
	at cucumber.runtime.Timeout.timeout(Timeout.java:16)
	at cucumber.runtime.Utils.invoke(Utils.java:20)
	at cucumber.runtime.java.JavaStepDefinition.execute(JavaStepDefinition.java:48)
	at cucumber.runtime.PickleStepDefinitionMatch.runStep(PickleStepDefinitionMatch.java:50)
	at cucumber.runner.TestStep.executeStep(TestStep.java:55)
	at cucumber.runner.TestStep.run(TestStep.java:42)
	at cucumber.runner.PickleStepTestStep.run(PickleStepTestStep.java:53)
	at cucumber.runner.TestCase.run(TestCase.java:47)
	at cucumber.runner.Runner.runPickle(Runner.java:44)
	at cucumber.api.testng.TestNGCucumberRunner.runScenario(TestNGCucumberRunner.java:56)
	at selenium_tests.Runner.run_scenario(Runner.java:138)
	at java.util.concurrent.FutureTask.run(FutureTask.java:266)
	at java.util.concurrent.ThreadPoolExecutor.runWorker(ThreadPoolExecutor.java:1149)
	at java.util.concurrent.ThreadPoolExecutor$Worker.run(ThreadPoolExecutor.java:624)
	at java.lang.Thread.run(Thread.java:748)
... Removed 19 stack frames</pre></div><a href='#' onClick='toggleBox("stack-trace1628043517", this, "Click to show all stack frames", "Click to hide stack frames")'>Click to show all stack frames</a>
<div class='stack-trace' id='stack-trace1628043517'><pre>org.openqa.selenium.TimeoutException: Expected condition failed: waiting for presence of element located by: By.xpath: //button[@class=&quot; add-to-trolley-button button button--primary button--full&quot;] (tried for 60 second(s) with 500 milliseconds interval)
	at org.openqa.selenium.support.ui.WebDriverWait.timeoutException(WebDriverWait.java:81)
	at org.openqa.selenium.support.ui.FluentWait.until(FluentWait.java:271)
	at selenium_tests.Webdriver_builder$Enhanced_selenium_methods.wait_until_present(Webdriver_builder.java:491)
	at selenium_tests.Webdriver_builder$Enhanced_selenium_methods.focus_on(Webdriver_builder.java:707)
	at selenium_tests.Webdriver_builder$Enhanced_selenium_methods.click(Webdriver_builder.java:390)
	at selenium_tests.page_object_model.POM_productPage.adds_product_to_basket_via_productPage(POM_productPage.java:54)
	at selenium_tests.feature_steps.Steps_basket_feature.adds_product_to_basket_twice(Steps_basket_feature.java:32)
	at ?.adds product: JEANS to basket twice(src/test/resources/Features/TestSuite_basket.feature:32)
Caused by: org.openqa.selenium.NoSuchElementException: Cannot locate an element using By.xpath: //button[@class=&quot; add-to-trolley-button button button--primary button--full&quot;]
For documentation on this error, please visit: http://seleniumhq.org/exceptions/no_such_element.html
Build info: version: &apos;3.12.0&apos;, revision: &apos;7c6e0b3&apos;, time: &apos;2018-05-08T14:04:26.12Z&apos;
System info: host: &apos;DESKTOP-KQS99BN&apos;, ip: &apos;192.168.0.17&apos;, os.name: &apos;Windows 10&apos;, os.arch: &apos;amd64&apos;, os.version: &apos;10.0&apos;, java.version: &apos;1.8.0_161&apos;
Driver info: driver.version: unknown
	at org.openqa.selenium.support.ui.ExpectedConditions.lambda$findElement$0(ExpectedConditions.java:896)
	at java.util.Optional.orElseThrow(Optional.java:290)
	at org.openqa.selenium.support.ui.ExpectedConditions.findElement(ExpectedConditions.java:895)
	at org.openqa.selenium.support.ui.ExpectedConditions.access$000(ExpectedConditions.java:44)
	at org.openqa.selenium.support.ui.ExpectedConditions$6.apply(ExpectedConditions.java:183)
	at org.openqa.selenium.support.ui.ExpectedConditions$6.apply(ExpectedConditions.java:180)
	at org.openqa.selenium.support.ui.FluentWait.until(FluentWait.java:248)
	at selenium_tests.Webdriver_builder$Enhanced_selenium_methods.wait_until_present(Webdriver_builder.java:491)
	at selenium_tests.Webdriver_builder$Enhanced_selenium_methods.focus_on(Webdriver_builder.java:707)
	at selenium_tests.Webdriver_builder$Enhanced_selenium_methods.click(Webdriver_builder.java:390)
	at selenium_tests.page_object_model.POM_productPage.adds_product_to_basket_via_productPage(POM_productPage.java:54)
	at selenium_tests.feature_steps.Steps_basket_feature.adds_product_to_basket_twice(Steps_basket_feature.java:32)
	at sun.reflect.NativeMethodAccessorImpl.invoke0(Native Method)
	at sun.reflect.NativeMethodAccessorImpl.invoke(NativeMethodAccessorImpl.java:62)
	at sun.reflect.DelegatingMethodAccessorImpl.invoke(DelegatingMethodAccessorImpl.java:43)
	at java.lang.reflect.Method.invoke(Method.java:498)
	at cucumber.runtime.Utils$1.call(Utils.java:26)
	at cucumber.runtime.Timeout.timeout(Timeout.java:16)
	at cucumber.runtime.Utils.invoke(Utils.java:20)
	at cucumber.runtime.java.JavaStepDefinition.execute(JavaStepDefinition.java:48)
	at cucumber.runtime.PickleStepDefinitionMatch.runStep(PickleStepDefinitionMatch.java:50)
	at cucumber.runner.TestStep.executeStep(TestStep.java:55)
	at cucumber.runner.TestStep.run(TestStep.java:42)
	at cucumber.runner.PickleStepTestStep.run(PickleStepTestStep.java:53)
	at cucumber.runner.TestCase.run(TestCase.java:47)
	at cucumber.runner.Runner.runPickle(Runner.java:44)
	at cucumber.api.testng.TestNGCucumberRunner.runScenario(TestNGCucumberRunner.java:56)
	at selenium_tests.Runner.run_scenario(Runner.java:138)
	at sun.reflect.GeneratedMethodAccessor63.invoke(Unknown Source)
	at sun.reflect.DelegatingMethodAccessorImpl.invoke(DelegatingMethodAccessorImpl.java:43)
	at java.lang.reflect.Method.invoke(Method.java:498)
	at org.testng.internal.MethodInvocationHelper.invokeMethod(MethodInvocationHelper.java:108)
	at org.testng.internal.Invoker.invokeMethod(Invoker.java:661)
	at org.testng.internal.Invoker.invokeTestMethod(Invoker.java:869)
	at org.testng.internal.Invoker.invokeTestMethods(Invoker.java:1193)
	at org.testng.internal.TestMethodWorker.invokeTestMethods(TestMethodWorker.java:126)
	at org.testng.internal.TestMethodWorker.run(TestMethodWorker.java:109)
	at org.testng.TestRunner.privateRun(TestRunner.java:744)
	at org.testng.TestRunner.run(TestRunner.java:602)
	at org.testng.SuiteRunner.runTest(SuiteRunner.java:380)
	at org.testng.SuiteRunner.access$000(SuiteRunner.java:39)
	at org.testng.SuiteRunner$SuiteWorker.run(SuiteRunner.java:414)
	at org.testng.internal.thread.ThreadUtil$1.call(ThreadUtil.java:52)
	at java.util.concurrent.FutureTask.run(FutureTask.java:266)
	at java.util.concurrent.ThreadPoolExecutor.runWorker(ThreadPoolExecutor.java:1149)
	at java.util.concurrent.ThreadPoolExecutor$Worker.run(ThreadPoolExecutor.java:624)
	at java.lang.Thread.run(Thread.java:748)
</pre></div></td>
<td>67</td>
<td>selenium_tests.Runner@42e26948</td></tr>
<tr>
<td title='selenium_tests.Runner.run_scenario()'><b>run_scenario</b><br>Test class: selenium_tests.Runner<br>Test method: Runs Cucumber Scenarios<br>Parameters: "Customer views basket with x2 products, totalling x4 quantity then removes 1st product", "Basket"<br/>
<a href="#Output-1193307094" onClick='toggleBox("Output-1193307094", this, "Show output", "Hide output");'>Show output</a>

<a href="#Output-1193307094" onClick="toggleAllBoxes();">Show all outputs</a>
<div class='log' id="Output-1193307094">
<div "result">customer is on homepage (PASSED : 3s)</div><br/>
<div "result">customer searches by product: COOKERS using search feature (PASSED : 2s)</div><br/>
<div "result">adds first product to basket x2 quantity (FAILED : 63s)</div><br/>
<div "result">adds second product to basket x2 quantity (SKIPPED)</div><br/>
<div "result">customer views basket (SKIPPED)</div><br/>
<div "result">basket with 2 products and 4 quantity is shown (SKIPPED)</div><br/>
<div "result">customer removes firt product from basket (SKIPPED)</div><br/>
<div "result">basket with 1 products and 2 quantity is shown (SKIPPED)</div><br/>
</div>
</td>
<td><div><pre>org.openqa.selenium.TimeoutException: Expected condition failed: waiting for presence of element located by: By.xpath: //button[@class=&quot;button button--full button--secondary&quot;] (tried for 60 second(s) with 500 milliseconds interval)
	at org.openqa.selenium.support.ui.WebDriverWait.timeoutException(WebDriverWait.java:81)
	at org.openqa.selenium.support.ui.FluentWait.until(FluentWait.java:271)
	at selenium_tests.Webdriver_builder$Enhanced_selenium_methods.wait_until_present(Webdriver_builder.java:491)
	at selenium_tests.Webdriver_builder$Enhanced_selenium_methods.focus_on(Webdriver_builder.java:707)
	at selenium_tests.Webdriver_builder$Enhanced_selenium_methods.click(Webdriver_builder.java:390)
	at selenium_tests.page_object_model.POM_popupBasket.checkContinueShopping(POM_popupBasket.java:17)
	at selenium_tests.page_object_model.POM_productPage.adds_product_to_basket_via_productPage(POM_productPage.java:55)
	at selenium_tests.page_object_model.POM_productResults.add_first_product_to_Basket_via_productResults(POM_productResults.java:30)
	at selenium_tests.feature_steps.Steps_basket_feature.adds_first_product_to_basket_x_quantity(Steps_basket_feature.java:40)
	at ?.adds first product to basket x2 quantity(src/test/resources/Features/TestSuite_basket.feature:64)
Caused by: org.openqa.selenium.NoSuchElementException: Cannot locate an element using By.xpath: //button[@class=&quot;button button--full button--secondary&quot;]
For documentation on this error, please visit: http://seleniumhq.org/exceptions/no_such_element.html
Build info: version: &apos;3.12.0&apos;, revision: &apos;7c6e0b3&apos;, time: &apos;2018-05-08T14:04:26.12Z&apos;
System info: host: &apos;DESKTOP-KQS99BN&apos;, ip: &apos;192.168.0.17&apos;, os.name: &apos;Windows 10&apos;, os.arch: &apos;amd64&apos;, os.version: &apos;10.0&apos;, java.version: &apos;1.8.0_161&apos;
Driver info: driver.version: unknown
	at org.openqa.selenium.support.ui.ExpectedConditions.lambda$findElement$0(ExpectedConditions.java:896)
	at java.util.Optional.orElseThrow(Optional.java:290)
	at org.openqa.selenium.support.ui.ExpectedConditions.findElement(ExpectedConditions.java:895)
	at org.openqa.selenium.support.ui.ExpectedConditions.access$000(ExpectedConditions.java:44)
	at org.openqa.selenium.support.ui.ExpectedConditions$6.apply(ExpectedConditions.java:183)
	at org.openqa.selenium.support.ui.ExpectedConditions$6.apply(ExpectedConditions.java:180)
	at org.openqa.selenium.support.ui.FluentWait.until(FluentWait.java:248)
	at selenium_tests.Webdriver_builder$Enhanced_selenium_methods.wait_until_present(Webdriver_builder.java:491)
	at selenium_tests.Webdriver_builder$Enhanced_selenium_methods.focus_on(Webdriver_builder.java:707)
	at selenium_tests.Webdriver_builder$Enhanced_selenium_methods.click(Webdriver_builder.java:390)
	at selenium_tests.page_object_model.POM_popupBasket.checkContinueShopping(POM_popupBasket.java:17)
	at selenium_tests.page_object_model.POM_productPage.adds_product_to_basket_via_productPage(POM_productPage.java:55)
	at selenium_tests.page_object_model.POM_productResults.add_first_product_to_Basket_via_productResults(POM_productResults.java:30)
	at selenium_tests.feature_steps.Steps_basket_feature.adds_first_product_to_basket_x_quantity(Steps_basket_feature.java:40)
	at cucumber.runtime.Utils$1.call(Utils.java:26)
	at cucumber.runtime.Timeout.timeout(Timeout.java:16)
	at cucumber.runtime.Utils.invoke(Utils.java:20)
	at cucumber.runtime.java.JavaStepDefinition.execute(JavaStepDefinition.java:48)
	at cucumber.runtime.PickleStepDefinitionMatch.runStep(PickleStepDefinitionMatch.java:50)
	at cucumber.runner.TestStep.executeStep(TestStep.java:55)
	at cucumber.runner.TestStep.run(TestStep.java:42)
	at cucumber.runner.PickleStepTestStep.run(PickleStepTestStep.java:53)
	at cucumber.runner.TestCase.run(TestCase.java:47)
	at cucumber.runner.Runner.runPickle(Runner.java:44)
	at cucumber.api.testng.TestNGCucumberRunner.runScenario(TestNGCucumberRunner.java:56)
	at selenium_tests.Runner.run_scenario(Runner.java:138)
	at java.util.concurrent.FutureTask.run(FutureTask.java:266)
	at java.util.concurrent.ThreadPoolExecutor.runWorker(ThreadPoolExecutor.java:1149)
	at java.util.concurrent.ThreadPoolExecutor$Worker.run(ThreadPoolExecutor.java:624)
	at java.lang.Thread.run(Thread.java:748)
... Removed 19 stack frames</pre></div><a href='#' onClick='toggleBox("stack-trace1193307094", this, "Click to show all stack frames", "Click to hide stack frames")'>Click to show all stack frames</a>
<div class='stack-trace' id='stack-trace1193307094'><pre>org.openqa.selenium.TimeoutException: Expected condition failed: waiting for presence of element located by: By.xpath: //button[@class=&quot;button button--full button--secondary&quot;] (tried for 60 second(s) with 500 milliseconds interval)
	at org.openqa.selenium.support.ui.WebDriverWait.timeoutException(WebDriverWait.java:81)
	at org.openqa.selenium.support.ui.FluentWait.until(FluentWait.java:271)
	at selenium_tests.Webdriver_builder$Enhanced_selenium_methods.wait_until_present(Webdriver_builder.java:491)
	at selenium_tests.Webdriver_builder$Enhanced_selenium_methods.focus_on(Webdriver_builder.java:707)
	at selenium_tests.Webdriver_builder$Enhanced_selenium_methods.click(Webdriver_builder.java:390)
	at selenium_tests.page_object_model.POM_popupBasket.checkContinueShopping(POM_popupBasket.java:17)
	at selenium_tests.page_object_model.POM_productPage.adds_product_to_basket_via_productPage(POM_productPage.java:55)
	at selenium_tests.page_object_model.POM_productResults.add_first_product_to_Basket_via_productResults(POM_productResults.java:30)
	at selenium_tests.feature_steps.Steps_basket_feature.adds_first_product_to_basket_x_quantity(Steps_basket_feature.java:40)
	at ?.adds first product to basket x2 quantity(src/test/resources/Features/TestSuite_basket.feature:64)
Caused by: org.openqa.selenium.NoSuchElementException: Cannot locate an element using By.xpath: //button[@class=&quot;button button--full button--secondary&quot;]
For documentation on this error, please visit: http://seleniumhq.org/exceptions/no_such_element.html
Build info: version: &apos;3.12.0&apos;, revision: &apos;7c6e0b3&apos;, time: &apos;2018-05-08T14:04:26.12Z&apos;
System info: host: &apos;DESKTOP-KQS99BN&apos;, ip: &apos;192.168.0.17&apos;, os.name: &apos;Windows 10&apos;, os.arch: &apos;amd64&apos;, os.version: &apos;10.0&apos;, java.version: &apos;1.8.0_161&apos;
Driver info: driver.version: unknown
	at org.openqa.selenium.support.ui.ExpectedConditions.lambda$findElement$0(ExpectedConditions.java:896)
	at java.util.Optional.orElseThrow(Optional.java:290)
	at org.openqa.selenium.support.ui.ExpectedConditions.findElement(ExpectedConditions.java:895)
	at org.openqa.selenium.support.ui.ExpectedConditions.access$000(ExpectedConditions.java:44)
	at org.openqa.selenium.support.ui.ExpectedConditions$6.apply(ExpectedConditions.java:183)
	at org.openqa.selenium.support.ui.ExpectedConditions$6.apply(ExpectedConditions.java:180)
	at org.openqa.selenium.support.ui.FluentWait.until(FluentWait.java:248)
	at selenium_tests.Webdriver_builder$Enhanced_selenium_methods.wait_until_present(Webdriver_builder.java:491)
	at selenium_tests.Webdriver_builder$Enhanced_selenium_methods.focus_on(Webdriver_builder.java:707)
	at selenium_tests.Webdriver_builder$Enhanced_selenium_methods.click(Webdriver_builder.java:390)
	at selenium_tests.page_object_model.POM_popupBasket.checkContinueShopping(POM_popupBasket.java:17)
	at selenium_tests.page_object_model.POM_productPage.adds_product_to_basket_via_productPage(POM_productPage.java:55)
	at selenium_tests.page_object_model.POM_productResults.add_first_product_to_Basket_via_productResults(POM_productResults.java:30)
	at selenium_tests.feature_steps.Steps_basket_feature.adds_first_product_to_basket_x_quantity(Steps_basket_feature.java:40)
	at sun.reflect.NativeMethodAccessorImpl.invoke0(Native Method)
	at sun.reflect.NativeMethodAccessorImpl.invoke(NativeMethodAccessorImpl.java:62)
	at sun.reflect.DelegatingMethodAccessorImpl.invoke(DelegatingMethodAccessorImpl.java:43)
	at java.lang.reflect.Method.invoke(Method.java:498)
	at cucumber.runtime.Utils$1.call(Utils.java:26)
	at cucumber.runtime.Timeout.timeout(Timeout.java:16)
	at cucumber.runtime.Utils.invoke(Utils.java:20)
	at cucumber.runtime.java.JavaStepDefinition.execute(JavaStepDefinition.java:48)
	at cucumber.runtime.PickleStepDefinitionMatch.runStep(PickleStepDefinitionMatch.java:50)
	at cucumber.runner.TestStep.executeStep(TestStep.java:55)
	at cucumber.runner.TestStep.run(TestStep.java:42)
	at cucumber.runner.PickleStepTestStep.run(PickleStepTestStep.java:53)
	at cucumber.runner.TestCase.run(TestCase.java:47)
	at cucumber.runner.Runner.runPickle(Runner.java:44)
	at cucumber.api.testng.TestNGCucumberRunner.runScenario(TestNGCucumberRunner.java:56)
	at selenium_tests.Runner.run_scenario(Runner.java:138)
	at sun.reflect.GeneratedMethodAccessor63.invoke(Unknown Source)
	at sun.reflect.DelegatingMethodAccessorImpl.invoke(DelegatingMethodAccessorImpl.java:43)
	at java.lang.reflect.Method.invoke(Method.java:498)
	at org.testng.internal.MethodInvocationHelper.invokeMethod(MethodInvocationHelper.java:108)
	at org.testng.internal.Invoker.invokeMethod(Invoker.java:661)
	at org.testng.internal.Invoker.invokeTestMethod(Invoker.java:869)
	at org.testng.internal.Invoker.invokeTestMethods(Invoker.java:1193)
	at org.testng.internal.TestMethodWorker.invokeTestMethods(TestMethodWorker.java:126)
	at org.testng.internal.TestMethodWorker.run(TestMethodWorker.java:109)
	at org.testng.TestRunner.privateRun(TestRunner.java:744)
	at org.testng.TestRunner.run(TestRunner.java:602)
	at org.testng.SuiteRunner.runTest(SuiteRunner.java:380)
	at org.testng.SuiteRunner.access$000(SuiteRunner.java:39)
	at org.testng.SuiteRunner$SuiteWorker.run(SuiteRunner.java:414)
	at org.testng.internal.thread.ThreadUtil$1.call(ThreadUtil.java:52)
	at java.util.concurrent.FutureTask.run(FutureTask.java:266)
	at java.util.concurrent.ThreadPoolExecutor.runWorker(ThreadPoolExecutor.java:1149)
	at java.util.concurrent.ThreadPoolExecutor$Worker.run(ThreadPoolExecutor.java:624)
	at java.lang.Thread.run(Thread.java:748)
</pre></div></td>
<td>70</td>
<td>selenium_tests.Runner@42e26948</td></tr>
<tr>
<td title='selenium_tests.Runner.run_scenario()'><b>run_scenario</b><br>Test class: selenium_tests.Runner<br>Test method: Runs Cucumber Scenarios<br>Parameters: "Customer views basket with x2 products, totalling x4 quantity then removes 1st product", "Basket"<br/>
<a href="#Output-138125444" onClick='toggleBox("Output-138125444", this, "Show output", "Hide output");'>Show output</a>

<a href="#Output-138125444" onClick="toggleAllBoxes();">Show all outputs</a>
<div class='log' id="Output-138125444">
<div "result">customer is on homepage (PASSED : 2s)</div><br/>
<div "result">customer searches by product: JEANS using search feature (PASSED : 2s)</div><br/>
<div "result">adds first product to basket x2 quantity (FAILED : 3s)</div><br/>
<div "result">adds second product to basket x2 quantity (SKIPPED)</div><br/>
<div "result">customer views basket (SKIPPED)</div><br/>
<div "result">basket with 2 products and 4 quantity is shown (SKIPPED)</div><br/>
<div "result">customer removes firt product from basket (SKIPPED)</div><br/>
<div "result">basket with 1 products and 2 quantity is shown (SKIPPED)</div><br/>
</div>
</td>
<td><div><pre>org.openqa.selenium.WebDriverException: unknown error: Element is not clickable at point (1092, -42)
  (Session info: chrome=69.0.3497.100)
  (Driver info: chromedriver=70.0.3538.16 (16ed95b41bb05e565b11fb66ac33c660b721f778),platform=Windows NT 10.0.17134 x86_64) (WARNING: The server did not provide any stacktrace information)
Command duration or timeout: 0 milliseconds
Build info: version: &apos;3.12.0&apos;, revision: &apos;7c6e0b3&apos;, time: &apos;2018-05-08T14:04:26.12Z&apos;
System info: host: &apos;DESKTOP-KQS99BN&apos;, ip: &apos;192.168.0.17&apos;, os.name: &apos;Windows 10&apos;, os.arch: &apos;amd64&apos;, os.version: &apos;10.0&apos;, java.version: &apos;1.8.0_161&apos;
Driver info: org.openqa.selenium.chrome.ChromeDriver
Capabilities {acceptInsecureCerts: true, acceptSslCerts: true, applicationCacheEnabled: false, browserConnectionEnabled: false, browserName: chrome, chrome: {chromedriverVersion: 70.0.3538.16 (16ed95b41bb05..., userDataDir: C:\Users\WORKPE~1\AppData\L...}, cssSelectorsEnabled: true, databaseEnabled: false, goog:chromeOptions: {debuggerAddress: localhost:63886}, handlesAlerts: true, hasTouchScreen: false, javascriptEnabled: true, locationContextEnabled: true, mobileEmulationEnabled: false, nativeEvents: true, networkConnectionEnabled: false, pageLoadStrategy: normal, platform: XP, platformName: XP, rotatable: false, setWindowRect: true, takesHeapSnapshot: true, takesScreenshot: true, unexpectedAlertBehaviour: accept, unhandledPromptBehavior: accept, version: 69.0.3497.100, webStorageEnabled: true}
Session ID: b9284317eb958366e8ed3def43acc816
	at org.openqa.selenium.remote.ErrorHandler.createThrowable(ErrorHandler.java:214)
	at org.openqa.selenium.remote.ErrorHandler.throwIfResponseFailed(ErrorHandler.java:166)
	at org.openqa.selenium.remote.http.JsonHttpResponseCodec.reconstructValue(JsonHttpResponseCodec.java:40)
	at org.openqa.selenium.remote.http.AbstractHttpResponseCodec.decode(AbstractHttpResponseCodec.java:80)
	at org.openqa.selenium.remote.http.AbstractHttpResponseCodec.decode(AbstractHttpResponseCodec.java:44)
	at org.openqa.selenium.remote.HttpCommandExecutor.execute(HttpCommandExecutor.java:158)
	at org.openqa.selenium.remote.service.DriverCommandExecutor.execute(DriverCommandExecutor.java:83)
	at org.openqa.selenium.remote.RemoteWebDriver.execute(RemoteWebDriver.java:543)
	at org.openqa.selenium.remote.RemoteWebElement.execute(RemoteWebElement.java:276)
	at org.openqa.selenium.remote.RemoteWebElement.click(RemoteWebElement.java:83)
	at selenium_tests.Webdriver_builder$Enhanced_selenium_methods.click(Webdriver_builder.java:392)
	at selenium_tests.page_object_model.POM_productPage.adds_product_to_basket_via_productPage(POM_productPage.java:54)
	at selenium_tests.page_object_model.POM_productResults.add_first_product_to_Basket_via_productResults(POM_productResults.java:30)
	at selenium_tests.feature_steps.Steps_basket_feature.adds_first_product_to_basket_x_quantity(Steps_basket_feature.java:40)
	at ?.adds first product to basket x2 quantity(src/test/resources/Features/TestSuite_basket.feature:64)
... Removed 4 stack frames</pre></div><a href='#' onClick='toggleBox("stack-trace138125444", this, "Click to show all stack frames", "Click to hide stack frames")'>Click to show all stack frames</a>
<div class='stack-trace' id='stack-trace138125444'><pre>org.openqa.selenium.WebDriverException: unknown error: Element is not clickable at point (1092, -42)
  (Session info: chrome=69.0.3497.100)
  (Driver info: chromedriver=70.0.3538.16 (16ed95b41bb05e565b11fb66ac33c660b721f778),platform=Windows NT 10.0.17134 x86_64) (WARNING: The server did not provide any stacktrace information)
Command duration or timeout: 0 milliseconds
Build info: version: &apos;3.12.0&apos;, revision: &apos;7c6e0b3&apos;, time: &apos;2018-05-08T14:04:26.12Z&apos;
System info: host: &apos;DESKTOP-KQS99BN&apos;, ip: &apos;192.168.0.17&apos;, os.name: &apos;Windows 10&apos;, os.arch: &apos;amd64&apos;, os.version: &apos;10.0&apos;, java.version: &apos;1.8.0_161&apos;
Driver info: org.openqa.selenium.chrome.ChromeDriver
Capabilities {acceptInsecureCerts: true, acceptSslCerts: true, applicationCacheEnabled: false, browserConnectionEnabled: false, browserName: chrome, chrome: {chromedriverVersion: 70.0.3538.16 (16ed95b41bb05..., userDataDir: C:\Users\WORKPE~1\AppData\L...}, cssSelectorsEnabled: true, databaseEnabled: false, goog:chromeOptions: {debuggerAddress: localhost:63886}, handlesAlerts: true, hasTouchScreen: false, javascriptEnabled: true, locationContextEnabled: true, mobileEmulationEnabled: false, nativeEvents: true, networkConnectionEnabled: false, pageLoadStrategy: normal, platform: XP, platformName: XP, rotatable: false, setWindowRect: true, takesHeapSnapshot: true, takesScreenshot: true, unexpectedAlertBehaviour: accept, unhandledPromptBehavior: accept, version: 69.0.3497.100, webStorageEnabled: true}
Session ID: b9284317eb958366e8ed3def43acc816
	at sun.reflect.NativeConstructorAccessorImpl.newInstance0(Native Method)
	at sun.reflect.NativeConstructorAccessorImpl.newInstance(NativeConstructorAccessorImpl.java:62)
	at sun.reflect.DelegatingConstructorAccessorImpl.newInstance(DelegatingConstructorAccessorImpl.java:45)
	at java.lang.reflect.Constructor.newInstance(Constructor.java:423)
	at org.openqa.selenium.remote.ErrorHandler.createThrowable(ErrorHandler.java:214)
	at org.openqa.selenium.remote.ErrorHandler.throwIfResponseFailed(ErrorHandler.java:166)
	at org.openqa.selenium.remote.http.JsonHttpResponseCodec.reconstructValue(JsonHttpResponseCodec.java:40)
	at org.openqa.selenium.remote.http.AbstractHttpResponseCodec.decode(AbstractHttpResponseCodec.java:80)
	at org.openqa.selenium.remote.http.AbstractHttpResponseCodec.decode(AbstractHttpResponseCodec.java:44)
	at org.openqa.selenium.remote.HttpCommandExecutor.execute(HttpCommandExecutor.java:158)
	at org.openqa.selenium.remote.service.DriverCommandExecutor.execute(DriverCommandExecutor.java:83)
	at org.openqa.selenium.remote.RemoteWebDriver.execute(RemoteWebDriver.java:543)
	at org.openqa.selenium.remote.RemoteWebElement.execute(RemoteWebElement.java:276)
	at org.openqa.selenium.remote.RemoteWebElement.click(RemoteWebElement.java:83)
	at selenium_tests.Webdriver_builder$Enhanced_selenium_methods.click(Webdriver_builder.java:392)
	at selenium_tests.page_object_model.POM_productPage.adds_product_to_basket_via_productPage(POM_productPage.java:54)
	at selenium_tests.page_object_model.POM_productResults.add_first_product_to_Basket_via_productResults(POM_productResults.java:30)
	at selenium_tests.feature_steps.Steps_basket_feature.adds_first_product_to_basket_x_quantity(Steps_basket_feature.java:40)
	at ?.adds first product to basket x2 quantity(src/test/resources/Features/TestSuite_basket.feature:64)
</pre></div></td>
<td>9</td>
<td>selenium_tests.Runner@42e26948</td></tr>
</table><p>
</body>
</html>